{"total": {"lines":{"total":42059,"covered":20175,"skipped":0,"pct":47.97},"statements":{"total":45623,"covered":22477,"skipped":0,"pct":49.27},"functions":{"total":10121,"covered":2473,"skipped":0,"pct":24.43},"branches":{"total":22466,"covered":5869,"skipped":0,"pct":26.12}}
,"/Users/hetunandu/code/appsmith/app/client/src/RouteBuilder.ts": {"lines":{"total":52,"covered":33,"skipped":0,"pct":63.46},"functions":{"total":21,"covered":4,"skipped":0,"pct":19.05},"statements":{"total":70,"covered":51,"skipped":0,"pct":72.86},"branches":{"total":13,"covered":6,"skipped":0,"pct":46.15}}
,"/Users/hetunandu/code/appsmith/app/client/src/RouteParamsMiddleware.ts": {"lines":{"total":41,"covered":10,"skipped":0,"pct":24.39},"functions":{"total":6,"covered":3,"skipped":0,"pct":50},"statements":{"total":46,"covered":12,"skipped":0,"pct":26.09},"branches":{"total":14,"covered":1,"skipped":0,"pct":7.14}}
,"/Users/hetunandu/code/appsmith/app/client/src/store.ts": {"lines":{"total":20,"covered":16,"skipped":0,"pct":80},"functions":{"total":2,"covered":0,"skipped":0,"pct":0},"statements":{"total":21,"covered":17,"skipped":0,"pct":80.95},"branches":{"total":3,"covered":0,"skipped":0,"pct":0}}
,"/Users/hetunandu/code/appsmith/app/client/src/actions/apiPaneActions.ts": {"lines":{"total":20,"covered":11,"skipped":0,"pct":55},"functions":{"total":10,"covered":0,"skipped":0,"pct":0},"statements":{"total":31,"covered":21,"skipped":0,"pct":67.74},"branches":{"total":0,"covered":0,"skipped":0,"pct":100}}
,"/Users/hetunandu/code/appsmith/app/client/src/actions/appCollabActions.ts": {"lines":{"total":19,"covered":14,"skipped":0,"pct":73.68},"functions":{"total":11,"covered":0,"skipped":0,"pct":0},"statements":{"total":36,"covered":25,"skipped":0,"pct":69.44},"branches":{"total":0,"covered":0,"skipped":0,"pct":100}}
,"/Users/hetunandu/code/appsmith/app/client/src/actions/appThemingActions.tsx": {"lines":{"total":17,"covered":12,"skipped":0,"pct":70.59},"functions":{"total":11,"covered":0,"skipped":0,"pct":0},"statements":{"total":34,"covered":23,"skipped":0,"pct":67.65},"branches":{"total":0,"covered":0,"skipped":0,"pct":100}}
,"/Users/hetunandu/code/appsmith/app/client/src/actions/applicationActions.ts": {"lines":{"total":34,"covered":21,"skipped":0,"pct":61.76},"functions":{"total":18,"covered":1,"skipped":0,"pct":5.56},"statements":{"total":55,"covered":38,"skipped":0,"pct":69.09},"branches":{"total":2,"covered":2,"skipped":0,"pct":100}}
,"/Users/hetunandu/code/appsmith/app/client/src/actions/batchActions.ts": {"lines":{"total":3,"covered":3,"skipped":0,"pct":100},"functions":{"total":2,"covered":0,"skipped":0,"pct":0},"statements":{"total":7,"covered":5,"skipped":0,"pct":71.43},"branches":{"total":0,"covered":0,"skipped":0,"pct":100}}
,"/Users/hetunandu/code/appsmith/app/client/src/actions/browserRequestActions.ts": {"lines":{"total":3,"covered":2,"skipped":0,"pct":66.67},"functions":{"total":1,"covered":0,"skipped":0,"pct":0},"statements":{"total":4,"covered":3,"skipped":0,"pct":75},"branches":{"total":0,"covered":0,"skipped":0,"pct":100}}
,"/Users/hetunandu/code/appsmith/app/client/src/actions/canvasSelectionActions.ts": {"lines":{"total":7,"covered":4,"skipped":0,"pct":57.14},"functions":{"total":3,"covered":0,"skipped":0,"pct":0},"statements":{"total":10,"covered":7,"skipped":0,"pct":70},"branches":{"total":8,"covered":0,"skipped":0,"pct":0}}
,"/Users/hetunandu/code/appsmith/app/client/src/actions/controlActions.tsx": {"lines":{"total":11,"covered":6,"skipped":0,"pct":54.55},"functions":{"total":5,"covered":0,"skipped":0,"pct":0},"statements":{"total":16,"covered":11,"skipped":0,"pct":68.75},"branches":{"total":2,"covered":0,"skipped":0,"pct":0}}
,"/Users/hetunandu/code/appsmith/app/client/src/actions/crudInfoModalActions.ts": {"lines":{"total":3,"covered":2,"skipped":0,"pct":66.67},"functions":{"total":1,"covered":0,"skipped":0,"pct":0},"statements":{"total":4,"covered":3,"skipped":0,"pct":75},"branches":{"total":0,"covered":0,"skipped":0,"pct":100}}
,"/Users/hetunandu/code/appsmith/app/client/src/actions/datasourceActions.ts": {"lines":{"total":43,"covered":23,"skipped":0,"pct":53.49},"functions":{"total":21,"covered":0,"skipped":0,"pct":0},"statements":{"total":65,"covered":44,"skipped":0,"pct":67.69},"branches":{"total":2,"covered":0,"skipped":0,"pct":0}}
,"/Users/hetunandu/code/appsmith/app/client/src/actions/debuggerActions.ts": {"lines":{"total":14,"covered":12,"skipped":0,"pct":85.71},"functions":{"total":11,"covered":0,"skipped":0,"pct":0},"statements":{"total":34,"covered":23,"skipped":0,"pct":67.65},"branches":{"total":0,"covered":0,"skipped":0,"pct":100}}
,"/Users/hetunandu/code/appsmith/app/client/src/actions/editorActions.ts": {"lines":{"total":5,"covered":4,"skipped":0,"pct":80},"functions":{"total":3,"covered":1,"skipped":0,"pct":33.33},"statements":{"total":10,"covered":8,"skipped":0,"pct":80},"branches":{"total":0,"covered":0,"skipped":0,"pct":100}}
,"/Users/hetunandu/code/appsmith/app/client/src/actions/errorActions.ts": {"lines":{"total":5,"covered":3,"skipped":0,"pct":60},"functions":{"total":2,"covered":0,"skipped":0,"pct":0},"statements":{"total":7,"covered":5,"skipped":0,"pct":71.43},"branches":{"total":0,"covered":0,"skipped":0,"pct":100}}
,"/Users/hetunandu/code/appsmith/app/client/src/actions/evaluationActions.ts": {"lines":{"total":19,"covered":10,"skipped":0,"pct":52.63},"functions":{"total":6,"covered":0,"skipped":0,"pct":0},"statements":{"total":24,"covered":15,"skipped":0,"pct":62.5},"branches":{"total":3,"covered":0,"skipped":0,"pct":0}}
,"/Users/hetunandu/code/appsmith/app/client/src/actions/explorerActions.ts": {"lines":{"total":9,"covered":5,"skipped":0,"pct":55.56},"functions":{"total":4,"covered":0,"skipped":0,"pct":0},"statements":{"total":13,"covered":9,"skipped":0,"pct":69.23},"branches":{"total":0,"covered":0,"skipped":0,"pct":100}}
,"/Users/hetunandu/code/appsmith/app/client/src/actions/gitSyncActions.ts": {"lines":{"total":73,"covered":58,"skipped":0,"pct":79.45},"functions":{"total":57,"covered":0,"skipped":0,"pct":0},"statements":{"total":172,"covered":115,"skipped":0,"pct":66.86},"branches":{"total":0,"covered":0,"skipped":0,"pct":100}}
,"/Users/hetunandu/code/appsmith/app/client/src/actions/globalSearchActions.ts": {"lines":{"total":22,"covered":18,"skipped":0,"pct":81.82},"functions":{"total":16,"covered":0,"skipped":0,"pct":0},"statements":{"total":50,"covered":34,"skipped":0,"pct":68},"branches":{"total":1,"covered":0,"skipped":0,"pct":0}}
,"/Users/hetunandu/code/appsmith/app/client/src/actions/importActions.ts": {"lines":{"total":3,"covered":2,"skipped":0,"pct":66.67},"functions":{"total":1,"covered":0,"skipped":0,"pct":0},"statements":{"total":4,"covered":3,"skipped":0,"pct":75},"branches":{"total":0,"covered":0,"skipped":0,"pct":100}}
,"/Users/hetunandu/code/appsmith/app/client/src/actions/initActions.ts": {"lines":{"total":7,"covered":5,"skipped":0,"pct":71.43},"functions":{"total":4,"covered":0,"skipped":0,"pct":0},"statements":{"total":13,"covered":9,"skipped":0,"pct":69.23},"branches":{"total":0,"covered":0,"skipped":0,"pct":100}}
,"/Users/hetunandu/code/appsmith/app/client/src/actions/jsActionActions.ts": {"lines":{"total":35,"covered":19,"skipped":0,"pct":54.29},"functions":{"total":17,"covered":0,"skipped":0,"pct":0},"statements":{"total":53,"covered":36,"skipped":0,"pct":67.92},"branches":{"total":0,"covered":0,"skipped":0,"pct":100}}
,"/Users/hetunandu/code/appsmith/app/client/src/actions/jsPaneActions.ts": {"lines":{"total":23,"covered":12,"skipped":0,"pct":52.17},"functions":{"total":11,"covered":0,"skipped":0,"pct":0},"statements":{"total":34,"covered":23,"skipped":0,"pct":67.65},"branches":{"total":1,"covered":0,"skipped":0,"pct":0}}
,"/Users/hetunandu/code/appsmith/app/client/src/actions/metaActions.ts": {"lines":{"total":14,"covered":9,"skipped":0,"pct":64.29},"functions":{"total":6,"covered":1,"skipped":0,"pct":16.67},"statements":{"total":20,"covered":15,"skipped":0,"pct":75},"branches":{"total":0,"covered":0,"skipped":0,"pct":100}}
,"/Users/hetunandu/code/appsmith/app/client/src/actions/onboardingActions.ts": {"lines":{"total":39,"covered":20,"skipped":0,"pct":51.28},"functions":{"total":19,"covered":0,"skipped":0,"pct":0},"statements":{"total":58,"covered":39,"skipped":0,"pct":67.24},"branches":{"total":0,"covered":0,"skipped":0,"pct":100}}
,"/Users/hetunandu/code/appsmith/app/client/src/actions/pageActions.tsx": {"lines":{"total":69,"covered":38,"skipped":0,"pct":55.07},"functions":{"total":36,"covered":0,"skipped":0,"pct":0},"statements":{"total":108,"covered":71,"skipped":0,"pct":65.74},"branches":{"total":3,"covered":0,"skipped":0,"pct":0}}
,"/Users/hetunandu/code/appsmith/app/client/src/actions/pluginActionActions.ts": {"lines":{"total":67,"covered":38,"skipped":0,"pct":56.72},"functions":{"total":34,"covered":2,"skipped":0,"pct":5.88},"statements":{"total":105,"covered":73,"skipped":0,"pct":69.52},"branches":{"total":0,"covered":0,"skipped":0,"pct":100}}
,"/Users/hetunandu/code/appsmith/app/client/src/actions/pluginActions.ts": {"lines":{"total":13,"covered":8,"skipped":0,"pct":61.54},"functions":{"total":7,"covered":0,"skipped":0,"pct":0},"statements":{"total":22,"covered":15,"skipped":0,"pct":68.18},"branches":{"total":0,"covered":0,"skipped":0,"pct":100}}
,"/Users/hetunandu/code/appsmith/app/client/src/actions/propertyPaneActions.ts": {"lines":{"total":7,"covered":5,"skipped":0,"pct":71.43},"functions":{"total":4,"covered":0,"skipped":0,"pct":0},"statements":{"total":13,"covered":9,"skipped":0,"pct":69.23},"branches":{"total":0,"covered":0,"skipped":0,"pct":100}}
,"/Users/hetunandu/code/appsmith/app/client/src/actions/reflowActions.ts": {"lines":{"total":5,"covered":3,"skipped":0,"pct":60},"functions":{"total":2,"covered":0,"skipped":0,"pct":0},"statements":{"total":7,"covered":5,"skipped":0,"pct":71.43},"branches":{"total":0,"covered":0,"skipped":0,"pct":100}}
,"/Users/hetunandu/code/appsmith/app/client/src/actions/templateActions.ts": {"lines":{"total":10,"covered":9,"skipped":0,"pct":90},"functions":{"total":8,"covered":0,"skipped":0,"pct":0},"statements":{"total":25,"covered":17,"skipped":0,"pct":68},"branches":{"total":0,"covered":0,"skipped":0,"pct":100}}
,"/Users/hetunandu/code/appsmith/app/client/src/actions/userActions.ts": {"lines":{"total":23,"covered":20,"skipped":0,"pct":86.96},"functions":{"total":18,"covered":0,"skipped":0,"pct":0},"statements":{"total":56,"covered":38,"skipped":0,"pct":67.86},"branches":{"total":0,"covered":0,"skipped":0,"pct":100}}
,"/Users/hetunandu/code/appsmith/app/client/src/actions/websocketActions.ts": {"lines":{"total":16,"covered":12,"skipped":0,"pct":75},"functions":{"total":10,"covered":0,"skipped":0,"pct":0},"statements":{"total":32,"covered":22,"skipped":0,"pct":68.75},"branches":{"total":0,"covered":0,"skipped":0,"pct":100}}
,"/Users/hetunandu/code/appsmith/app/client/src/actions/widgetActions.tsx": {"lines":{"total":34,"covered":18,"skipped":0,"pct":52.94},"functions":{"total":15,"covered":0,"skipped":0,"pct":0},"statements":{"total":49,"covered":33,"skipped":0,"pct":67.35},"branches":{"total":2,"covered":0,"skipped":0,"pct":0}}
,"/Users/hetunandu/code/appsmith/app/client/src/actions/widgetSelectionActions.ts": {"lines":{"total":19,"covered":10,"skipped":0,"pct":52.63},"functions":{"total":9,"covered":0,"skipped":0,"pct":0},"statements":{"total":28,"covered":19,"skipped":0,"pct":67.86},"branches":{"total":0,"covered":0,"skipped":0,"pct":100}}
,"/Users/hetunandu/code/appsmith/app/client/src/actions/widgetSidebarActions.tsx": {"lines":{"total":9,"covered":6,"skipped":0,"pct":66.67},"functions":{"total":4,"covered":0,"skipped":0,"pct":0},"statements":{"total":14,"covered":10,"skipped":0,"pct":71.43},"branches":{"total":0,"covered":0,"skipped":0,"pct":100}}
,"/Users/hetunandu/code/appsmith/app/client/src/api/ActionAPI.tsx": {"lines":{"total":20,"covered":5,"skipped":0,"pct":25},"functions":{"total":10,"covered":0,"skipped":0,"pct":0},"statements":{"total":20,"covered":5,"skipped":0,"pct":25},"branches":{"total":3,"covered":0,"skipped":0,"pct":0}}
,"/Users/hetunandu/code/appsmith/app/client/src/api/Api.ts": {"lines":{"total":14,"covered":9,"skipped":0,"pct":64.29},"functions":{"total":5,"covered":0,"skipped":0,"pct":0},"statements":{"total":14,"covered":9,"skipped":0,"pct":64.29},"branches":{"total":5,"covered":0,"skipped":0,"pct":0}}
,"/Users/hetunandu/code/appsmith/app/client/src/api/ApiUtils.ts": {"lines":{"total":56,"covered":31,"skipped":0,"pct":55.36},"functions":{"total":5,"covered":4,"skipped":0,"pct":80},"statements":{"total":60,"covered":35,"skipped":0,"pct":58.33},"branches":{"total":35,"covered":14,"skipped":0,"pct":40}}
,"/Users/hetunandu/code/appsmith/app/client/src/api/AppThemingApi.tsx": {"lines":{"total":9,"covered":3,"skipped":0,"pct":33.33},"functions":{"total":6,"covered":0,"skipped":0,"pct":0},"statements":{"total":9,"covered":3,"skipped":0,"pct":33.33},"branches":{"total":1,"covered":0,"skipped":0,"pct":0}}
,"/Users/hetunandu/code/appsmith/app/client/src/api/ApplicationApi.tsx": {"lines":{"total":29,"covered":7,"skipped":0,"pct":24.14},"functions":{"total":18,"covered":0,"skipped":0,"pct":0},"statements":{"total":30,"covered":7,"skipped":0,"pct":23.33},"branches":{"total":1,"covered":0,"skipped":0,"pct":0}}
,"/Users/hetunandu/code/appsmith/app/client/src/api/CloudServicesApi.ts": {"lines":{"total":4,"covered":3,"skipped":0,"pct":75},"functions":{"total":1,"covered":0,"skipped":0,"pct":0},"statements":{"total":5,"covered":4,"skipped":0,"pct":80},"branches":{"total":0,"covered":0,"skipped":0,"pct":100}}
,"/Users/hetunandu/code/appsmith/app/client/src/api/CollectionApi.ts": {"lines":{"total":4,"covered":3,"skipped":0,"pct":75},"functions":{"total":1,"covered":0,"skipped":0,"pct":0},"statements":{"total":4,"covered":3,"skipped":0,"pct":75},"branches":{"total":0,"covered":0,"skipped":0,"pct":100}}
,"/Users/hetunandu/code/appsmith/app/client/src/api/DatasourcesApi.ts": {"lines":{"total":14,"covered":4,"skipped":0,"pct":28.57},"functions":{"total":10,"covered":0,"skipped":0,"pct":0},"statements":{"total":14,"covered":4,"skipped":0,"pct":28.57},"branches":{"total":1,"covered":0,"skipped":0,"pct":0}}
,"/Users/hetunandu/code/appsmith/app/client/src/api/GitSyncAPI.tsx": {"lines":{"total":26,"covered":4,"skipped":0,"pct":15.38},"functions":{"total":19,"covered":0,"skipped":0,"pct":0},"statements":{"total":27,"covered":4,"skipped":0,"pct":14.81},"branches":{"total":5,"covered":0,"skipped":0,"pct":0}}
,"/Users/hetunandu/code/appsmith/app/client/src/api/ImportApi.ts": {"lines":{"total":5,"covered":3,"skipped":0,"pct":60},"functions":{"total":1,"covered":0,"skipped":0,"pct":0},"statements":{"total":5,"covered":3,"skipped":0,"pct":60},"branches":{"total":0,"covered":0,"skipped":0,"pct":100}}
,"/Users/hetunandu/code/appsmith/app/client/src/api/JSActionAPI.tsx": {"lines":{"total":14,"covered":3,"skipped":0,"pct":21.43},"functions":{"total":10,"covered":0,"skipped":0,"pct":0},"statements":{"total":14,"covered":3,"skipped":0,"pct":21.43},"branches":{"total":0,"covered":0,"skipped":0,"pct":100}}
,"/Users/hetunandu/code/appsmith/app/client/src/api/OAuthApi.ts": {"lines":{"total":6,"covered":3,"skipped":0,"pct":50},"functions":{"total":2,"covered":0,"skipped":0,"pct":0},"statements":{"total":6,"covered":3,"skipped":0,"pct":50},"branches":{"total":2,"covered":0,"skipped":0,"pct":0}}
,"/Users/hetunandu/code/appsmith/app/client/src/api/PageApi.tsx": {"lines":{"total":35,"covered":11,"skipped":0,"pct":31.43},"functions":{"total":18,"covered":0,"skipped":0,"pct":0},"statements":{"total":36,"covered":11,"skipped":0,"pct":30.56},"branches":{"total":7,"covered":0,"skipped":0,"pct":0}}
,"/Users/hetunandu/code/appsmith/app/client/src/api/PluginApi.ts": {"lines":{"total":17,"covered":12,"skipped":0,"pct":70.59},"functions":{"total":7,"covered":2,"skipped":0,"pct":28.57},"statements":{"total":17,"covered":12,"skipped":0,"pct":70.59},"branches":{"total":4,"covered":4,"skipped":0,"pct":100}}
,"/Users/hetunandu/code/appsmith/app/client/src/api/ProvidersApi.ts": {"lines":{"total":25,"covered":10,"skipped":0,"pct":40},"functions":{"total":11,"covered":0,"skipped":0,"pct":0},"statements":{"total":25,"covered":10,"skipped":0,"pct":40},"branches":{"total":0,"covered":0,"skipped":0,"pct":100}}
,"/Users/hetunandu/code/appsmith/app/client/src/api/TemplatesApi.ts": {"lines":{"total":7,"covered":3,"skipped":0,"pct":42.86},"functions":{"total":4,"covered":0,"skipped":0,"pct":0},"statements":{"total":7,"covered":3,"skipped":0,"pct":42.86},"branches":{"total":0,"covered":0,"skipped":0,"pct":100}}
,"/Users/hetunandu/code/appsmith/app/client/src/api/WorkspaceApi.ts": {"lines":{"total":19,"covered":4,"skipped":0,"pct":21.05},"functions":{"total":12,"covered":0,"skipped":0,"pct":0},"statements":{"total":19,"covered":4,"skipped":0,"pct":21.05},"branches":{"total":1,"covered":0,"skipped":0,"pct":0}}
,"/Users/hetunandu/code/appsmith/app/client/src/ce/api/UserApi.tsx": {"lines":{"total":44,"covered":21,"skipped":0,"pct":47.73},"functions":{"total":20,"covered":0,"skipped":0,"pct":0},"statements":{"total":44,"covered":21,"skipped":0,"pct":47.73},"branches":{"total":1,"covered":0,"skipped":0,"pct":0}}
,"/Users/hetunandu/code/appsmith/app/client/src/ce/configs/index.ts": {"lines":{"total":32,"covered":32,"skipped":0,"pct":100},"functions":{"total":4,"covered":4,"skipped":0,"pct":100},"statements":{"total":36,"covered":35,"skipped":0,"pct":97.22},"branches":{"total":103,"covered":88,"skipped":0,"pct":85.44}}
,"/Users/hetunandu/code/appsmith/app/client/src/ce/constants/ApiConstants.tsx": {"lines":{"total":27,"covered":26,"skipped":0,"pct":96.3},"functions":{"total":4,"covered":3,"skipped":0,"pct":75},"statements":{"total":28,"covered":27,"skipped":0,"pct":96.43},"branches":{"total":6,"covered":6,"skipped":0,"pct":100}}
,"/Users/hetunandu/code/appsmith/app/client/src/ce/constants/ReduxActionConstants.tsx": {"lines":{"total":9,"covered":9,"skipped":0,"pct":100},"functions":{"total":1,"covered":1,"skipped":0,"pct":100},"statements":{"total":9,"covered":9,"skipped":0,"pct":100},"branches":{"total":2,"covered":2,"skipped":0,"pct":100}}
,"/Users/hetunandu/code/appsmith/app/client/src/ce/constants/messages.ts": {"lines":{"total":1020,"covered":785,"skipped":0,"pct":76.96},"functions":{"total":734,"covered":118,"skipped":0,"pct":16.08},"statements":{"total":2171,"covered":1555,"skipped":0,"pct":71.63},"branches":{"total":2,"covered":2,"skipped":0,"pct":100}}
,"/Users/hetunandu/code/appsmith/app/client/src/ce/reducers/settingsReducer.ts": {"lines":{"total":15,"covered":5,"skipped":0,"pct":33.33},"functions":{"total":10,"covered":0,"skipped":0,"pct":0},"statements":{"total":15,"covered":5,"skipped":0,"pct":33.33},"branches":{"total":0,"covered":0,"skipped":0,"pct":100}}
,"/Users/hetunandu/code/appsmith/app/client/src/ce/sagas/SuperUserSagas.tsx": {"lines":{"total":66,"covered":22,"skipped":0,"pct":33.33},"functions":{"total":9,"covered":0,"skipped":0,"pct":0},"statements":{"total":66,"covered":22,"skipped":0,"pct":33.33},"branches":{"total":16,"covered":0,"skipped":0,"pct":0}}
,"/Users/hetunandu/code/appsmith/app/client/src/ce/selectors/workspaceSelectors.tsx": {"lines":{"total":30,"covered":14,"skipped":0,"pct":46.67},"functions":{"total":19,"covered":0,"skipped":0,"pct":0},"statements":{"total":43,"covered":24,"skipped":0,"pct":55.81},"branches":{"total":10,"covered":0,"skipped":0,"pct":0}}
,"/Users/hetunandu/code/appsmith/app/client/src/components/constants.ts": {"lines":{"total":47,"covered":47,"skipped":0,"pct":100},"functions":{"total":9,"covered":9,"skipped":0,"pct":100},"statements":{"total":47,"covered":47,"skipped":0,"pct":100},"branches":{"total":18,"covered":18,"skipped":0,"pct":100}}
,"/Users/hetunandu/code/appsmith/app/client/src/components/ads/AppIcon.tsx": {"lines":{"total":297,"covered":95,"skipped":0,"pct":31.99},"functions":{"total":8,"covered":0,"skipped":0,"pct":0},"statements":{"total":298,"covered":95,"skipped":0,"pct":31.88},"branches":{"total":96,"covered":0,"skipped":0,"pct":0}}
,"/Users/hetunandu/code/appsmith/app/client/src/components/ads/Button.tsx": {"lines":{"total":140,"covered":125,"skipped":0,"pct":89.29},"functions":{"total":45,"covered":42,"skipped":0,"pct":93.33},"statements":{"total":140,"covered":125,"skipped":0,"pct":89.29},"branches":{"total":103,"covered":66,"skipped":0,"pct":64.08}}
,"/Users/hetunandu/code/appsmith/app/client/src/components/ads/ButtonTabComponent.tsx": {"lines":{"total":49,"covered":43,"skipped":0,"pct":87.76},"functions":{"total":10,"covered":8,"skipped":0,"pct":80},"statements":{"total":49,"covered":43,"skipped":0,"pct":87.76},"branches":{"total":21,"covered":17,"skipped":0,"pct":80.95}}
,"/Users/hetunandu/code/appsmith/app/client/src/components/ads/Callout.tsx": {"lines":{"total":23,"covered":10,"skipped":0,"pct":43.48},"functions":{"total":13,"covered":0,"skipped":0,"pct":0},"statements":{"total":23,"covered":10,"skipped":0,"pct":43.48},"branches":{"total":18,"covered":0,"skipped":0,"pct":0}}
,"/Users/hetunandu/code/appsmith/app/client/src/components/ads/Checkbox.tsx": {"lines":{"total":39,"covered":14,"skipped":0,"pct":35.9},"functions":{"total":16,"covered":1,"skipped":0,"pct":6.25},"statements":{"total":39,"covered":14,"skipped":0,"pct":35.9},"branches":{"total":58,"covered":2,"skipped":0,"pct":3.45}}
,"/Users/hetunandu/code/appsmith/app/client/src/components/ads/ColorPickerComponent.tsx": {"lines":{"total":40,"covered":17,"skipped":0,"pct":42.5},"functions":{"total":15,"covered":0,"skipped":0,"pct":0},"statements":{"total":40,"covered":17,"skipped":0,"pct":42.5},"branches":{"total":11,"covered":0,"skipped":0,"pct":0}}
,"/Users/hetunandu/code/appsmith/app/client/src/components/ads/ColorPickerComponentV2.tsx": {"lines":{"total":165,"covered":130,"skipped":0,"pct":78.79},"functions":{"total":34,"covered":25,"skipped":0,"pct":73.53},"statements":{"total":169,"covered":132,"skipped":0,"pct":78.11},"branches":{"total":189,"covered":127,"skipped":0,"pct":67.2}}
,"/Users/hetunandu/code/appsmith/app/client/src/components/ads/ColorSelector.tsx": {"lines":{"total":26,"covered":6,"skipped":0,"pct":23.08},"functions":{"total":15,"covered":0,"skipped":0,"pct":0},"statements":{"total":26,"covered":6,"skipped":0,"pct":23.08},"branches":{"total":12,"covered":0,"skipped":0,"pct":0}}
,"/Users/hetunandu/code/appsmith/app/client/src/components/ads/CopyToClipBoard.tsx": {"lines":{"total":23,"covered":7,"skipped":0,"pct":30.43},"functions":{"total":8,"covered":0,"skipped":0,"pct":0},"statements":{"total":23,"covered":7,"skipped":0,"pct":30.43},"branches":{"total":7,"covered":0,"skipped":0,"pct":0}}
,"/Users/hetunandu/code/appsmith/app/client/src/components/ads/DatePickerComponent.tsx": {"lines":{"total":80,"covered":9,"skipped":0,"pct":11.25},"functions":{"total":23,"covered":0,"skipped":0,"pct":0},"statements":{"total":81,"covered":9,"skipped":0,"pct":11.11},"branches":{"total":46,"covered":0,"skipped":0,"pct":0}}
,"/Users/hetunandu/code/appsmith/app/client/src/components/ads/DialogComponent.tsx": {"lines":{"total":35,"covered":9,"skipped":0,"pct":25.71},"functions":{"total":18,"covered":0,"skipped":0,"pct":0},"statements":{"total":35,"covered":9,"skipped":0,"pct":25.71},"branches":{"total":28,"covered":0,"skipped":0,"pct":0}}
,"/Users/hetunandu/code/appsmith/app/client/src/components/ads/DisplayImageUpload.tsx": {"lines":{"total":46,"covered":16,"skipped":0,"pct":34.78},"functions":{"total":15,"covered":0,"skipped":0,"pct":0},"statements":{"total":48,"covered":16,"skipped":0,"pct":33.33},"branches":{"total":12,"covered":0,"skipped":0,"pct":0}}
,"/Users/hetunandu/code/appsmith/app/client/src/components/ads/DraggableList.tsx": {"lines":{"total":79,"covered":12,"skipped":0,"pct":15.19},"functions":{"total":16,"covered":0,"skipped":0,"pct":0},"statements":{"total":82,"covered":12,"skipped":0,"pct":14.63},"branches":{"total":54,"covered":0,"skipped":0,"pct":0}}
,"/Users/hetunandu/code/appsmith/app/client/src/components/ads/DraggableListComponent.tsx": {"lines":{"total":22,"covered":4,"skipped":0,"pct":18.18},"functions":{"total":8,"covered":0,"skipped":0,"pct":0},"statements":{"total":24,"covered":4,"skipped":0,"pct":16.67},"branches":{"total":7,"covered":0,"skipped":0,"pct":0}}
,"/Users/hetunandu/code/appsmith/app/client/src/components/ads/Dropdown.tsx": {"lines":{"total":279,"covered":231,"skipped":0,"pct":82.8},"functions":{"total":88,"covered":64,"skipped":0,"pct":72.73},"statements":{"total":287,"covered":238,"skipped":0,"pct":82.93},"branches":{"total":366,"covered":227,"skipped":0,"pct":62.02}}
,"/Users/hetunandu/code/appsmith/app/client/src/components/ads/EditableText.tsx": {"lines":{"total":40,"covered":32,"skipped":0,"pct":80},"functions":{"total":11,"covered":9,"skipped":0,"pct":81.82},"statements":{"total":41,"covered":33,"skipped":0,"pct":80.49},"branches":{"total":30,"covered":7,"skipped":0,"pct":23.33}}
,"/Users/hetunandu/code/appsmith/app/client/src/components/ads/EditableTextSubComponent.tsx": {"lines":{"total":86,"covered":65,"skipped":0,"pct":75.58},"functions":{"total":25,"covered":21,"skipped":0,"pct":84},"statements":{"total":87,"covered":65,"skipped":0,"pct":74.71},"branches":{"total":77,"covered":42,"skipped":0,"pct":54.55}}
,"/Users/hetunandu/code/appsmith/app/client/src/components/ads/FilePicker.tsx": {"lines":{"total":156,"covered":27,"skipped":0,"pct":17.31},"functions":{"total":46,"covered":1,"skipped":0,"pct":2.17},"statements":{"total":156,"covered":27,"skipped":0,"pct":17.31},"branches":{"total":57,"covered":2,"skipped":0,"pct":3.51}}
,"/Users/hetunandu/code/appsmith/app/client/src/components/ads/FilePickerV2.tsx": {"lines":{"total":120,"covered":18,"skipped":0,"pct":15},"functions":{"total":22,"covered":0,"skipped":0,"pct":0},"statements":{"total":120,"covered":18,"skipped":0,"pct":15},"branches":{"total":63,"covered":0,"skipped":0,"pct":0}}
,"/Users/hetunandu/code/appsmith/app/client/src/components/ads/GifPlayerComponent.tsx": {"lines":{"total":17,"covered":9,"skipped":0,"pct":52.94},"functions":{"total":7,"covered":0,"skipped":0,"pct":0},"statements":{"total":17,"covered":9,"skipped":0,"pct":52.94},"branches":{"total":2,"covered":0,"skipped":0,"pct":0}}
,"/Users/hetunandu/code/appsmith/app/client/src/components/ads/Icon.tsx": {"lines":{"total":171,"covered":170,"skipped":0,"pct":99.42},"functions":{"total":10,"covered":10,"skipped":0,"pct":100},"statements":{"total":173,"covered":172,"skipped":0,"pct":99.42},"branches":{"total":37,"covered":29,"skipped":0,"pct":78.38}}
,"/Users/hetunandu/code/appsmith/app/client/src/components/ads/IconSelector.tsx": {"lines":{"total":39,"covered":10,"skipped":0,"pct":25.64},"functions":{"total":15,"covered":0,"skipped":0,"pct":0},"statements":{"total":40,"covered":10,"skipped":0,"pct":25},"branches":{"total":37,"covered":0,"skipped":0,"pct":0}}
,"/Users/hetunandu/code/appsmith/app/client/src/components/ads/JSToggleButtonComponent.tsx": {"lines":{"total":13,"covered":7,"skipped":0,"pct":53.85},"functions":{"total":6,"covered":0,"skipped":0,"pct":0},"statements":{"total":13,"covered":7,"skipped":0,"pct":53.85},"branches":{"total":20,"covered":0,"skipped":0,"pct":0}}
,"/Users/hetunandu/code/appsmith/app/client/src/components/ads/LabelWithTooltip.tsx": {"lines":{"total":57,"covered":42,"skipped":0,"pct":73.68},"functions":{"total":11,"covered":7,"skipped":0,"pct":63.64},"statements":{"total":67,"covered":45,"skipped":0,"pct":67.16},"branches":{"total":72,"covered":31,"skipped":0,"pct":43.06}}
,"/Users/hetunandu/code/appsmith/app/client/src/components/ads/ListSegmentHeader.tsx": {"lines":{"total":11,"covered":7,"skipped":0,"pct":63.64},"functions":{"total":4,"covered":0,"skipped":0,"pct":0},"statements":{"total":11,"covered":7,"skipped":0,"pct":63.64},"branches":{"total":2,"covered":0,"skipped":0,"pct":0}}
,"/Users/hetunandu/code/appsmith/app/client/src/components/ads/Menu.tsx": {"lines":{"total":15,"covered":7,"skipped":0,"pct":46.67},"functions":{"total":7,"covered":0,"skipped":0,"pct":0},"statements":{"total":15,"covered":7,"skipped":0,"pct":46.67},"branches":{"total":9,"covered":0,"skipped":0,"pct":0}}
,"/Users/hetunandu/code/appsmith/app/client/src/components/ads/MenuDivider.tsx": {"lines":{"total":6,"covered":3,"skipped":0,"pct":50},"functions":{"total":3,"covered":0,"skipped":0,"pct":0},"statements":{"total":6,"covered":3,"skipped":0,"pct":50},"branches":{"total":0,"covered":0,"skipped":0,"pct":100}}
,"/Users/hetunandu/code/appsmith/app/client/src/components/ads/MenuItem.tsx": {"lines":{"total":21,"covered":12,"skipped":0,"pct":57.14},"functions":{"total":9,"covered":0,"skipped":0,"pct":0},"statements":{"total":21,"covered":12,"skipped":0,"pct":57.14},"branches":{"total":30,"covered":0,"skipped":0,"pct":0}}
,"/Users/hetunandu/code/appsmith/app/client/src/components/ads/MultiSwitch.tsx": {"lines":{"total":19,"covered":8,"skipped":0,"pct":42.11},"functions":{"total":9,"covered":0,"skipped":0,"pct":0},"statements":{"total":19,"covered":8,"skipped":0,"pct":42.11},"branches":{"total":8,"covered":0,"skipped":0,"pct":0}}
,"/Users/hetunandu/code/appsmith/app/client/src/components/ads/NotificationBanner.tsx": {"lines":{"total":31,"covered":19,"skipped":0,"pct":61.29},"functions":{"total":9,"covered":1,"skipped":0,"pct":11.11},"statements":{"total":31,"covered":19,"skipped":0,"pct":61.29},"branches":{"total":46,"covered":2,"skipped":0,"pct":4.35}}
,"/Users/hetunandu/code/appsmith/app/client/src/components/ads/NumberedStep.tsx": {"lines":{"total":11,"covered":6,"skipped":0,"pct":54.55},"functions":{"total":4,"covered":0,"skipped":0,"pct":0},"statements":{"total":11,"covered":6,"skipped":0,"pct":54.55},"branches":{"total":0,"covered":0,"skipped":0,"pct":100}}
,"/Users/hetunandu/code/appsmith/app/client/src/components/ads/ProgressiveImage.tsx": {"lines":{"total":10,"covered":5,"skipped":0,"pct":50},"functions":{"total":3,"covered":0,"skipped":0,"pct":0},"statements":{"total":10,"covered":5,"skipped":0,"pct":50},"branches":{"total":4,"covered":0,"skipped":0,"pct":0}}
,"/Users/hetunandu/code/appsmith/app/client/src/components/ads/Radio.tsx": {"lines":{"total":39,"covered":6,"skipped":0,"pct":15.38},"functions":{"total":27,"covered":0,"skipped":0,"pct":0},"statements":{"total":39,"covered":6,"skipped":0,"pct":15.38},"branches":{"total":37,"covered":0,"skipped":0,"pct":0}}
,"/Users/hetunandu/code/appsmith/app/client/src/components/ads/RectangularSwitcher.tsx": {"lines":{"total":26,"covered":8,"skipped":0,"pct":30.77},"functions":{"total":11,"covered":0,"skipped":0,"pct":0},"statements":{"total":26,"covered":8,"skipped":0,"pct":30.77},"branches":{"total":13,"covered":0,"skipped":0,"pct":0}}
,"/Users/hetunandu/code/appsmith/app/client/src/components/ads/ScrollIndicator.tsx": {"lines":{"total":36,"covered":28,"skipped":0,"pct":77.78},"functions":{"total":15,"covered":13,"skipped":0,"pct":86.67},"statements":{"total":36,"covered":28,"skipped":0,"pct":77.78},"branches":{"total":30,"covered":14,"skipped":0,"pct":46.67}}
,"/Users/hetunandu/code/appsmith/app/client/src/components/ads/SearchInput.tsx": {"lines":{"total":32,"covered":15,"skipped":0,"pct":46.88},"functions":{"total":7,"covered":1,"skipped":0,"pct":14.29},"statements":{"total":32,"covered":15,"skipped":0,"pct":46.88},"branches":{"total":22,"covered":2,"skipped":0,"pct":9.09}}
,"/Users/hetunandu/code/appsmith/app/client/src/components/ads/ShowcaseCarousel.tsx": {"lines":{"total":46,"covered":13,"skipped":0,"pct":28.26},"functions":{"total":16,"covered":0,"skipped":0,"pct":0},"statements":{"total":47,"covered":13,"skipped":0,"pct":27.66},"branches":{"total":16,"covered":0,"skipped":0,"pct":0}}
,"/Users/hetunandu/code/appsmith/app/client/src/components/ads/SnippetButton.tsx": {"lines":{"total":16,"covered":12,"skipped":0,"pct":75},"functions":{"total":2,"covered":0,"skipped":0,"pct":0},"statements":{"total":16,"covered":12,"skipped":0,"pct":75},"branches":{"total":4,"covered":0,"skipped":0,"pct":0}}
,"/Users/hetunandu/code/appsmith/app/client/src/components/ads/Spinner.tsx": {"lines":{"total":15,"covered":15,"skipped":0,"pct":100},"functions":{"total":5,"covered":5,"skipped":0,"pct":100},"statements":{"total":15,"covered":15,"skipped":0,"pct":100},"branches":{"total":0,"covered":0,"skipped":0,"pct":100}}
,"/Users/hetunandu/code/appsmith/app/client/src/components/ads/Statusbar.tsx": {"lines":{"total":20,"covered":9,"skipped":0,"pct":45},"functions":{"total":9,"covered":0,"skipped":0,"pct":0},"statements":{"total":20,"covered":9,"skipped":0,"pct":45},"branches":{"total":10,"covered":0,"skipped":0,"pct":0}}
,"/Users/hetunandu/code/appsmith/app/client/src/components/ads/StepComponent.tsx": {"lines":{"total":40,"covered":34,"skipped":0,"pct":85},"functions":{"total":11,"covered":9,"skipped":0,"pct":81.82},"statements":{"total":40,"covered":34,"skipped":0,"pct":85},"branches":{"total":15,"covered":8,"skipped":0,"pct":53.33}}
,"/Users/hetunandu/code/appsmith/app/client/src/components/ads/Switch.tsx": {"lines":{"total":19,"covered":9,"skipped":0,"pct":47.37},"functions":{"total":3,"covered":0,"skipped":0,"pct":0},"statements":{"total":19,"covered":9,"skipped":0,"pct":47.37},"branches":{"total":7,"covered":0,"skipped":0,"pct":0}}
,"/Users/hetunandu/code/appsmith/app/client/src/components/ads/Switcher.tsx": {"lines":{"total":19,"covered":6,"skipped":0,"pct":31.58},"functions":{"total":6,"covered":0,"skipped":0,"pct":0},"statements":{"total":19,"covered":6,"skipped":0,"pct":31.58},"branches":{"total":8,"covered":0,"skipped":0,"pct":0}}
,"/Users/hetunandu/code/appsmith/app/client/src/components/ads/TabItemBackgroundFill.tsx": {"lines":{"total":12,"covered":6,"skipped":0,"pct":50},"functions":{"total":6,"covered":0,"skipped":0,"pct":0},"statements":{"total":13,"covered":6,"skipped":0,"pct":46.15},"branches":{"total":2,"covered":0,"skipped":0,"pct":0}}
,"/Users/hetunandu/code/appsmith/app/client/src/components/ads/Table.tsx": {"lines":{"total":42,"covered":9,"skipped":0,"pct":21.43},"functions":{"total":30,"covered":0,"skipped":0,"pct":0},"statements":{"total":42,"covered":9,"skipped":0,"pct":21.43},"branches":{"total":4,"covered":0,"skipped":0,"pct":0}}
,"/Users/hetunandu/code/appsmith/app/client/src/components/ads/TableDropdown.tsx": {"lines":{"total":41,"covered":13,"skipped":0,"pct":31.71},"functions":{"total":17,"covered":0,"skipped":0,"pct":0},"statements":{"total":41,"covered":13,"skipped":0,"pct":31.71},"branches":{"total":18,"covered":0,"skipped":0,"pct":0}}
,"/Users/hetunandu/code/appsmith/app/client/src/components/ads/Tabs.tsx": {"lines":{"total":83,"covered":19,"skipped":0,"pct":22.89},"functions":{"total":44,"covered":0,"skipped":0,"pct":0},"statements":{"total":88,"covered":20,"skipped":0,"pct":22.73},"branches":{"total":88,"covered":0,"skipped":0,"pct":0}}
,"/Users/hetunandu/code/appsmith/app/client/src/components/ads/TagInputComponent.tsx": {"lines":{"total":60,"covered":8,"skipped":0,"pct":13.33},"functions":{"total":17,"covered":0,"skipped":0,"pct":0},"statements":{"total":60,"covered":8,"skipped":0,"pct":13.33},"branches":{"total":45,"covered":0,"skipped":0,"pct":0}}
,"/Users/hetunandu/code/appsmith/app/client/src/components/ads/TextInput.tsx": {"lines":{"total":117,"covered":25,"skipped":0,"pct":21.37},"functions":{"total":40,"covered":0,"skipped":0,"pct":0},"statements":{"total":120,"covered":25,"skipped":0,"pct":20.83},"branches":{"total":125,"covered":0,"skipped":0,"pct":0}}
,"/Users/hetunandu/code/appsmith/app/client/src/components/ads/Toast.tsx": {"lines":{"total":54,"covered":20,"skipped":0,"pct":37.04},"functions":{"total":21,"covered":0,"skipped":0,"pct":0},"statements":{"total":54,"covered":20,"skipped":0,"pct":37.04},"branches":{"total":52,"covered":0,"skipped":0,"pct":0}}
,"/Users/hetunandu/code/appsmith/app/client/src/components/ads/Toggle.tsx": {"lines":{"total":20,"covered":6,"skipped":0,"pct":30},"functions":{"total":10,"covered":0,"skipped":0,"pct":0},"statements":{"total":20,"covered":6,"skipped":0,"pct":30},"branches":{"total":26,"covered":0,"skipped":0,"pct":0}}
,"/Users/hetunandu/code/appsmith/app/client/src/components/ads/TreeDropdown.tsx": {"lines":{"total":200,"covered":194,"skipped":0,"pct":97},"functions":{"total":41,"covered":40,"skipped":0,"pct":97.56},"statements":{"total":210,"covered":201,"skipped":0,"pct":95.71},"branches":{"total":192,"covered":149,"skipped":0,"pct":77.6}}
,"/Users/hetunandu/code/appsmith/app/client/src/components/ads/UserProfileImagePicker.tsx": {"lines":{"total":28,"covered":7,"skipped":0,"pct":25},"functions":{"total":9,"covered":0,"skipped":0,"pct":0},"statements":{"total":28,"covered":7,"skipped":0,"pct":25},"branches":{"total":11,"covered":0,"skipped":0,"pct":0}}
,"/Users/hetunandu/code/appsmith/app/client/src/components/ads/common.tsx": {"lines":{"total":36,"covered":33,"skipped":0,"pct":91.67},"functions":{"total":8,"covered":5,"skipped":0,"pct":62.5},"statements":{"total":41,"covered":38,"skipped":0,"pct":92.68},"branches":{"total":10,"covered":7,"skipped":0,"pct":70}}
,"/Users/hetunandu/code/appsmith/app/client/src/components/ads/index.ts": {"lines":{"total":84,"covered":84,"skipped":0,"pct":100},"functions":{"total":49,"covered":1,"skipped":0,"pct":2.04},"statements":{"total":133,"covered":133,"skipped":0,"pct":100},"branches":{"total":0,"covered":0,"skipped":0,"pct":100}}
,"/Users/hetunandu/code/appsmith/app/client/src/components/designSystems/appsmith/BaseButton.tsx": {"lines":{"total":36,"covered":13,"skipped":0,"pct":36.11},"functions":{"total":10,"covered":0,"skipped":0,"pct":0},"statements":{"total":36,"covered":13,"skipped":0,"pct":36.11},"branches":{"total":133,"covered":0,"skipped":0,"pct":0}}
,"/Users/hetunandu/code/appsmith/app/client/src/components/designSystems/appsmith/CloseButton.tsx": {"lines":{"total":10,"covered":5,"skipped":0,"pct":50},"functions":{"total":5,"covered":0,"skipped":0,"pct":0},"statements":{"total":10,"covered":5,"skipped":0,"pct":50},"branches":{"total":0,"covered":0,"skipped":0,"pct":100}}
,"/Users/hetunandu/code/appsmith/app/client/src/components/designSystems/appsmith/ModalComponent.tsx": {"lines":{"total":29,"covered":10,"skipped":0,"pct":34.48},"functions":{"total":15,"covered":0,"skipped":0,"pct":0},"statements":{"total":30,"covered":10,"skipped":0,"pct":33.33},"branches":{"total":20,"covered":0,"skipped":0,"pct":0}}
,"/Users/hetunandu/code/appsmith/app/client/src/components/designSystems/appsmith/PositionedContainer.tsx": {"lines":{"total":54,"covered":54,"skipped":0,"pct":100},"functions":{"total":9,"covered":9,"skipped":0,"pct":100},"statements":{"total":54,"covered":54,"skipped":0,"pct":100},"branches":{"total":61,"covered":42,"skipped":0,"pct":68.85}}
,"/Users/hetunandu/code/appsmith/app/client/src/components/designSystems/appsmith/SearchComponent.tsx": {"lines":{"total":24,"covered":11,"skipped":0,"pct":45.83},"functions":{"total":5,"covered":0,"skipped":0,"pct":0},"statements":{"total":24,"covered":11,"skipped":0,"pct":45.83},"branches":{"total":3,"covered":0,"skipped":0,"pct":0}}
,"/Users/hetunandu/code/appsmith/app/client/src/components/designSystems/appsmith/TextInputComponent.tsx": {"lines":{"total":32,"covered":10,"skipped":0,"pct":31.25},"functions":{"total":12,"covered":0,"skipped":0,"pct":0},"statements":{"total":35,"covered":10,"skipped":0,"pct":28.57},"branches":{"total":25,"covered":0,"skipped":0,"pct":0}}
,"/Users/hetunandu/code/appsmith/app/client/src/components/designSystems/appsmith/WidgetStyleContainer.tsx": {"lines":{"total":17,"covered":11,"skipped":0,"pct":64.71},"functions":{"total":7,"covered":1,"skipped":0,"pct":14.29},"statements":{"total":17,"covered":11,"skipped":0,"pct":64.71},"branches":{"total":6,"covered":2,"skipped":0,"pct":33.33}}
,"/Users/hetunandu/code/appsmith/app/client/src/components/editorComponents/ApiResponseView.tsx": {"lines":{"total":100,"covered":52,"skipped":0,"pct":52},"functions":{"total":23,"covered":0,"skipped":0,"pct":0},"statements":{"total":102,"covered":53,"skipped":0,"pct":51.96},"branches":{"total":107,"covered":0,"skipped":0,"pct":0}}
,"/Users/hetunandu/code/appsmith/app/client/src/components/editorComponents/DragLayerComponent.tsx": {"lines":{"total":14,"covered":14,"skipped":0,"pct":100},"functions":{"total":8,"covered":8,"skipped":0,"pct":100},"statements":{"total":14,"covered":14,"skipped":0,"pct":100},"branches":{"total":8,"covered":4,"skipped":0,"pct":50}}
,"/Users/hetunandu/code/appsmith/app/client/src/components/editorComponents/DraggableComponent.tsx": {"lines":{"total":61,"covered":46,"skipped":0,"pct":75.41},"functions":{"total":11,"covered":9,"skipped":0,"pct":81.82},"statements":{"total":63,"covered":47,"skipped":0,"pct":74.6},"branches":{"total":42,"covered":20,"skipped":0,"pct":47.62}}
,"/Users/hetunandu/code/appsmith/app/client/src/components/editorComponents/DropTargetComponent.tsx": {"lines":{"total":72,"covered":17,"skipped":0,"pct":23.61},"functions":{"total":11,"covered":0,"skipped":0,"pct":0},"statements":{"total":72,"covered":17,"skipped":0,"pct":23.61},"branches":{"total":42,"covered":0,"skipped":0,"pct":0}}
,"/Users/hetunandu/code/appsmith/app/client/src/components/editorComponents/DropTargetUtils.ts": {"lines":{"total":9,"covered":2,"skipped":0,"pct":22.22},"functions":{"total":2,"covered":0,"skipped":0,"pct":0},"statements":{"total":10,"covered":3,"skipped":0,"pct":30},"branches":{"total":4,"covered":0,"skipped":0,"pct":0}}
,"/Users/hetunandu/code/appsmith/app/client/src/components/editorComponents/EditorContextProvider.tsx": {"lines":{"total":15,"covered":9,"skipped":0,"pct":60},"functions":{"total":4,"covered":0,"skipped":0,"pct":0},"statements":{"total":15,"covered":9,"skipped":0,"pct":60},"branches":{"total":0,"covered":0,"skipped":0,"pct":100}}
,"/Users/hetunandu/code/appsmith/app/client/src/components/editorComponents/EntityBottomTabs.tsx": {"lines":{"total":28,"covered":9,"skipped":0,"pct":32.14},"functions":{"total":7,"covered":0,"skipped":0,"pct":0},"statements":{"total":31,"covered":10,"skipped":0,"pct":32.26},"branches":{"total":13,"covered":0,"skipped":0,"pct":0}}
,"/Users/hetunandu/code/appsmith/app/client/src/components/editorComponents/ErrorBoundry.tsx": {"lines":{"total":15,"covered":10,"skipped":0,"pct":66.67},"functions":{"total":6,"covered":2,"skipped":0,"pct":33.33},"statements":{"total":15,"covered":10,"skipped":0,"pct":66.67},"branches":{"total":2,"covered":1,"skipped":0,"pct":50}}
,"/Users/hetunandu/code/appsmith/app/client/src/components/editorComponents/ErrorTooltip.tsx": {"lines":{"total":8,"covered":8,"skipped":0,"pct":100},"functions":{"total":1,"covered":1,"skipped":0,"pct":100},"statements":{"total":8,"covered":8,"skipped":0,"pct":100},"branches":{"total":4,"covered":3,"skipped":0,"pct":75}}
,"/Users/hetunandu/code/appsmith/app/client/src/components/editorComponents/FormLabel.tsx": {"lines":{"total":3,"covered":3,"skipped":0,"pct":100},"functions":{"total":0,"covered":0,"skipped":0,"pct":100},"statements":{"total":3,"covered":3,"skipped":0,"pct":100},"branches":{"total":0,"covered":0,"skipped":0,"pct":100}}
,"/Users/hetunandu/code/appsmith/app/client/src/components/editorComponents/JSResponseView.tsx": {"lines":{"total":74,"covered":45,"skipped":0,"pct":60.81},"functions":{"total":12,"covered":1,"skipped":0,"pct":8.33},"statements":{"total":74,"covered":45,"skipped":0,"pct":60.81},"branches":{"total":49,"covered":2,"skipped":0,"pct":4.08}}
,"/Users/hetunandu/code/appsmith/app/client/src/components/editorComponents/LoadingOverlayScreen.tsx": {"lines":{"total":5,"covered":3,"skipped":0,"pct":60},"functions":{"total":2,"covered":0,"skipped":0,"pct":0},"statements":{"total":5,"covered":3,"skipped":0,"pct":60},"branches":{"total":4,"covered":0,"skipped":0,"pct":0}}
,"/Users/hetunandu/code/appsmith/app/client/src/components/editorComponents/PreviewModeComponent.tsx": {"lines":{"total":7,"covered":6,"skipped":0,"pct":85.71},"functions":{"total":1,"covered":1,"skipped":0,"pct":100},"statements":{"total":8,"covered":7,"skipped":0,"pct":87.5},"branches":{"total":4,"covered":2,"skipped":0,"pct":50}}
,"/Users/hetunandu/code/appsmith/app/client/src/components/editorComponents/ReadOnlyEditor.tsx": {"lines":{"total":6,"covered":4,"skipped":0,"pct":66.67},"functions":{"total":1,"covered":0,"skipped":0,"pct":0},"statements":{"total":6,"covered":4,"skipped":0,"pct":66.67},"branches":{"total":2,"covered":0,"skipped":0,"pct":0}}
,"/Users/hetunandu/code/appsmith/app/client/src/components/editorComponents/ResizableComponent.tsx": {"lines":{"total":85,"covered":54,"skipped":0,"pct":63.53},"functions":{"total":12,"covered":7,"skipped":0,"pct":58.33},"statements":{"total":85,"covered":54,"skipped":0,"pct":63.53},"branches":{"total":55,"covered":9,"skipped":0,"pct":16.36}}
,"/Users/hetunandu/code/appsmith/app/client/src/components/editorComponents/ResizableUtils.tsx": {"lines":{"total":11,"covered":6,"skipped":0,"pct":54.55},"functions":{"total":4,"covered":0,"skipped":0,"pct":0},"statements":{"total":15,"covered":10,"skipped":0,"pct":66.67},"branches":{"total":6,"covered":0,"skipped":0,"pct":0}}
,"/Users/hetunandu/code/appsmith/app/client/src/components/editorComponents/ResizeStyledComponents.tsx": {"lines":{"total":31,"covered":31,"skipped":0,"pct":100},"functions":{"total":10,"covered":10,"skipped":0,"pct":100},"statements":{"total":33,"covered":31,"skipped":0,"pct":93.94},"branches":{"total":20,"covered":9,"skipped":0,"pct":45}}
,"/Users/hetunandu/code/appsmith/app/client/src/components/editorComponents/SnipeableComponent.tsx": {"lines":{"total":27,"covered":21,"skipped":0,"pct":77.78},"functions":{"total":6,"covered":2,"skipped":0,"pct":33.33},"statements":{"total":27,"covered":21,"skipped":0,"pct":77.78},"branches":{"total":9,"covered":1,"skipped":0,"pct":11.11}}
,"/Users/hetunandu/code/appsmith/app/client/src/components/editorComponents/Tooltip.tsx": {"lines":{"total":2,"covered":2,"skipped":0,"pct":100},"functions":{"total":0,"covered":0,"skipped":0,"pct":100},"statements":{"total":2,"covered":2,"skipped":0,"pct":100},"branches":{"total":0,"covered":0,"skipped":0,"pct":100}}
,"/Users/hetunandu/code/appsmith/app/client/src/components/editorComponents/utils.ts": {"lines":{"total":20,"covered":16,"skipped":0,"pct":80},"functions":{"total":3,"covered":1,"skipped":0,"pct":33.33},"statements":{"total":23,"covered":19,"skipped":0,"pct":82.61},"branches":{"total":17,"covered":15,"skipped":0,"pct":88.24}}
,"/Users/hetunandu/code/appsmith/app/client/src/components/editorComponents/ActionCreator/Fields.tsx": {"lines":{"total":327,"covered":71,"skipped":0,"pct":21.71},"functions":{"total":76,"covered":3,"skipped":0,"pct":3.95},"statements":{"total":333,"covered":75,"skipped":0,"pct":22.52},"branches":{"total":154,"covered":7,"skipped":0,"pct":4.55}}
,"/Users/hetunandu/code/appsmith/app/client/src/components/editorComponents/CodeEditor/BindingPrompt.tsx": {"lines":{"total":14,"covered":14,"skipped":0,"pct":100},"functions":{"total":6,"covered":6,"skipped":0,"pct":100},"statements":{"total":14,"covered":14,"skipped":0,"pct":100},"branches":{"total":12,"covered":6,"skipped":0,"pct":50}}
,"/Users/hetunandu/code/appsmith/app/client/src/components/editorComponents/CodeEditor/BindingPromptHelper.ts": {"lines":{"total":6,"covered":6,"skipped":0,"pct":100},"functions":{"total":1,"covered":1,"skipped":0,"pct":100},"statements":{"total":7,"covered":7,"skipped":0,"pct":100},"branches":{"total":11,"covered":11,"skipped":0,"pct":100}}
,"/Users/hetunandu/code/appsmith/app/client/src/components/editorComponents/CodeEditor/EditorConfig.ts": {"lines":{"total":51,"covered":50,"skipped":0,"pct":98.04},"functions":{"total":11,"covered":10,"skipped":0,"pct":90.91},"statements":{"total":54,"covered":53,"skipped":0,"pct":98.15},"branches":{"total":16,"covered":16,"skipped":0,"pct":100}}
,"/Users/hetunandu/code/appsmith/app/client/src/components/editorComponents/CodeEditor/EvaluatedValuePopup.tsx": {"lines":{"total":112,"covered":73,"skipped":0,"pct":65.18},"functions":{"total":36,"covered":14,"skipped":0,"pct":38.89},"statements":{"total":115,"covered":73,"skipped":0,"pct":63.48},"branches":{"total":54,"covered":19,"skipped":0,"pct":35.19}}
,"/Users/hetunandu/code/appsmith/app/client/src/components/editorComponents/CodeEditor/codeEditorUtils.ts": {"lines":{"total":51,"covered":39,"skipped":0,"pct":76.47},"functions":{"total":9,"covered":5,"skipped":0,"pct":55.56},"statements":{"total":59,"covered":47,"skipped":0,"pct":79.66},"branches":{"total":27,"covered":14,"skipped":0,"pct":51.85}}
,"/Users/hetunandu/code/appsmith/app/client/src/components/editorComponents/CodeEditor/commandsHelper.ts": {"lines":{"total":50,"covered":19,"skipped":0,"pct":38},"functions":{"total":10,"covered":2,"skipped":0,"pct":20},"statements":{"total":52,"covered":20,"skipped":0,"pct":38.46},"branches":{"total":20,"covered":4,"skipped":0,"pct":20}}
,"/Users/hetunandu/code/appsmith/app/client/src/components/editorComponents/CodeEditor/constants.ts": {"lines":{"total":13,"covered":13,"skipped":0,"pct":100},"functions":{"total":1,"covered":1,"skipped":0,"pct":100},"statements":{"total":13,"covered":13,"skipped":0,"pct":100},"branches":{"total":2,"covered":2,"skipped":0,"pct":100}}
,"/Users/hetunandu/code/appsmith/app/client/src/components/editorComponents/CodeEditor/generateQuickCommands.tsx": {"lines":{"total":67,"covered":20,"skipped":0,"pct":29.85},"functions":{"total":16,"covered":1,"skipped":0,"pct":6.25},"statements":{"total":68,"covered":21,"skipped":0,"pct":30.88},"branches":{"total":20,"covered":2,"skipped":0,"pct":10}}
,"/Users/hetunandu/code/appsmith/app/client/src/components/editorComponents/CodeEditor/hintHelpers.ts": {"lines":{"total":28,"covered":24,"skipped":0,"pct":85.71},"functions":{"total":5,"covered":2,"skipped":0,"pct":40},"statements":{"total":29,"covered":25,"skipped":0,"pct":86.21},"branches":{"total":11,"covered":8,"skipped":0,"pct":72.73}}
,"/Users/hetunandu/code/appsmith/app/client/src/components/editorComponents/CodeEditor/index.tsx": {"lines":{"total":312,"covered":218,"skipped":0,"pct":69.87},"functions":{"total":46,"covered":29,"skipped":0,"pct":63.04},"statements":{"total":325,"covered":223,"skipped":0,"pct":68.62},"branches":{"total":197,"covered":99,"skipped":0,"pct":50.25}}
,"/Users/hetunandu/code/appsmith/app/client/src/components/editorComponents/CodeEditor/lintHelpers.ts": {"lines":{"total":75,"covered":69,"skipped":0,"pct":92},"functions":{"total":15,"covered":13,"skipped":0,"pct":86.67},"statements":{"total":86,"covered":80,"skipped":0,"pct":93.02},"branches":{"total":54,"covered":35,"skipped":0,"pct":64.81}}
,"/Users/hetunandu/code/appsmith/app/client/src/components/editorComponents/CodeEditor/markHelpers.ts": {"lines":{"total":10,"covered":5,"skipped":0,"pct":50},"functions":{"total":2,"covered":2,"skipped":0,"pct":100},"statements":{"total":11,"covered":6,"skipped":0,"pct":54.55},"branches":{"total":2,"covered":2,"skipped":0,"pct":100}}
,"/Users/hetunandu/code/appsmith/app/client/src/components/editorComponents/CodeEditor/modes.ts": {"lines":{"total":12,"covered":9,"skipped":0,"pct":75},"functions":{"total":3,"covered":0,"skipped":0,"pct":0},"statements":{"total":12,"covered":9,"skipped":0,"pct":75},"branches":{"total":0,"covered":0,"skipped":0,"pct":100}}
,"/Users/hetunandu/code/appsmith/app/client/src/components/editorComponents/CodeEditor/styledComponents.ts": {"lines":{"total":58,"covered":52,"skipped":0,"pct":89.66},"functions":{"total":31,"covered":31,"skipped":0,"pct":100},"statements":{"total":60,"covered":53,"skipped":0,"pct":88.33},"branches":{"total":81,"covered":48,"skipped":0,"pct":59.26}}
,"/Users/hetunandu/code/appsmith/app/client/src/components/editorComponents/CodeEditor/utils/autoIndentUtils.ts": {"lines":{"total":16,"covered":9,"skipped":0,"pct":56.25},"functions":{"total":5,"covered":1,"skipped":0,"pct":20},"statements":{"total":20,"covered":12,"skipped":0,"pct":60},"branches":{"total":5,"covered":1,"skipped":0,"pct":20}}
,"/Users/hetunandu/code/appsmith/app/client/src/components/editorComponents/CodeEditor/utils/cursorLeftMovement.ts": {"lines":{"total":5,"covered":5,"skipped":0,"pct":100},"functions":{"total":1,"covered":1,"skipped":0,"pct":100},"statements":{"total":6,"covered":6,"skipped":0,"pct":100},"branches":{"total":2,"covered":1,"skipped":0,"pct":50}}
,"/Users/hetunandu/code/appsmith/app/client/src/components/editorComponents/Debugger/ContextualMenu.tsx": {"lines":{"total":88,"covered":38,"skipped":0,"pct":43.18},"functions":{"total":21,"covered":2,"skipped":0,"pct":9.52},"statements":{"total":89,"covered":38,"skipped":0,"pct":42.7},"branches":{"total":32,"covered":4,"skipped":0,"pct":12.5}}
,"/Users/hetunandu/code/appsmith/app/client/src/components/editorComponents/Debugger/DebugCTA.tsx": {"lines":{"total":38,"covered":20,"skipped":0,"pct":52.63},"functions":{"total":12,"covered":0,"skipped":0,"pct":0},"statements":{"total":39,"covered":20,"skipped":0,"pct":51.28},"branches":{"total":3,"covered":0,"skipped":0,"pct":0}}
,"/Users/hetunandu/code/appsmith/app/client/src/components/editorComponents/Debugger/DebuggerLogs.tsx": {"lines":{"total":46,"covered":19,"skipped":0,"pct":41.3},"functions":{"total":11,"covered":0,"skipped":0,"pct":0},"statements":{"total":49,"covered":19,"skipped":0,"pct":38.78},"branches":{"total":13,"covered":0,"skipped":0,"pct":0}}
,"/Users/hetunandu/code/appsmith/app/client/src/components/editorComponents/Debugger/EntityDependecies.tsx": {"lines":{"total":73,"covered":27,"skipped":0,"pct":36.99},"functions":{"total":33,"covered":0,"skipped":0,"pct":0},"statements":{"total":75,"covered":27,"skipped":0,"pct":36},"branches":{"total":57,"covered":0,"skipped":0,"pct":0}}
,"/Users/hetunandu/code/appsmith/app/client/src/components/editorComponents/Debugger/EntityLink.tsx": {"lines":{"total":65,"covered":18,"skipped":0,"pct":27.69},"functions":{"total":14,"covered":1,"skipped":0,"pct":7.14},"statements":{"total":68,"covered":18,"skipped":0,"pct":26.47},"branches":{"total":21,"covered":2,"skipped":0,"pct":9.52}}
,"/Users/hetunandu/code/appsmith/app/client/src/components/editorComponents/Debugger/Errors.tsx": {"lines":{"total":20,"covered":13,"skipped":0,"pct":65},"functions":{"total":3,"covered":0,"skipped":0,"pct":0},"statements":{"total":20,"covered":13,"skipped":0,"pct":65},"branches":{"total":6,"covered":0,"skipped":0,"pct":0}}
,"/Users/hetunandu/code/appsmith/app/client/src/components/editorComponents/Debugger/FilterHeader.tsx": {"lines":{"total":24,"covered":15,"skipped":0,"pct":62.5},"functions":{"total":4,"covered":0,"skipped":0,"pct":0},"statements":{"total":24,"covered":15,"skipped":0,"pct":62.5},"branches":{"total":3,"covered":0,"skipped":0,"pct":0}}
,"/Users/hetunandu/code/appsmith/app/client/src/components/editorComponents/Debugger/LogItem.tsx": {"lines":{"total":65,"covered":25,"skipped":0,"pct":38.46},"functions":{"total":34,"covered":0,"skipped":0,"pct":0},"statements":{"total":67,"covered":26,"skipped":0,"pct":38.81},"branches":{"total":31,"covered":0,"skipped":0,"pct":0}}
,"/Users/hetunandu/code/appsmith/app/client/src/components/editorComponents/Debugger/helpers.tsx": {"lines":{"total":54,"covered":43,"skipped":0,"pct":79.63},"functions":{"total":16,"covered":6,"skipped":0,"pct":37.5},"statements":{"total":61,"covered":47,"skipped":0,"pct":77.05},"branches":{"total":15,"covered":11,"skipped":0,"pct":73.33}}
,"/Users/hetunandu/code/appsmith/app/client/src/components/editorComponents/Debugger/Resizer/index.tsx": {"lines":{"total":35,"covered":6,"skipped":0,"pct":17.14},"functions":{"total":10,"covered":0,"skipped":0,"pct":0},"statements":{"total":37,"covered":6,"skipped":0,"pct":16.22},"branches":{"total":7,"covered":0,"skipped":0,"pct":0}}
,"/Users/hetunandu/code/appsmith/app/client/src/components/editorComponents/Debugger/hooks/debuggerHooks.ts": {"lines":{"total":79,"covered":21,"skipped":0,"pct":26.58},"functions":{"total":15,"covered":0,"skipped":0,"pct":0},"statements":{"total":87,"covered":25,"skipped":0,"pct":28.74},"branches":{"total":87,"covered":0,"skipped":0,"pct":0}}
,"/Users/hetunandu/code/appsmith/app/client/src/components/editorComponents/Debugger/hooks/useGetEntityInfo.tsx": {"lines":{"total":36,"covered":13,"skipped":0,"pct":36.11},"functions":{"total":7,"covered":0,"skipped":0,"pct":0},"statements":{"total":39,"covered":14,"skipped":0,"pct":35.9},"branches":{"total":27,"covered":0,"skipped":0,"pct":0}}
,"/Users/hetunandu/code/appsmith/app/client/src/components/editorComponents/GlobalSearch/githubHelper.ts": {"lines":{"total":13,"covered":3,"skipped":0,"pct":23.08},"functions":{"total":4,"covered":0,"skipped":0,"pct":0},"statements":{"total":15,"covered":4,"skipped":0,"pct":26.67},"branches":{"total":1,"covered":0,"skipped":0,"pct":0}}
,"/Users/hetunandu/code/appsmith/app/client/src/components/editorComponents/GlobalSearch/parseDocumentationContent.ts": {"lines":{"total":104,"covered":82,"skipped":0,"pct":78.85},"functions":{"total":18,"covered":16,"skipped":0,"pct":88.89},"statements":{"total":107,"covered":84,"skipped":0,"pct":78.5},"branches":{"total":85,"covered":40,"skipped":0,"pct":47.06}}
,"/Users/hetunandu/code/appsmith/app/client/src/components/editorComponents/GlobalSearch/utils.tsx": {"lines":{"total":121,"covered":61,"skipped":0,"pct":50.41},"functions":{"total":28,"covered":4,"skipped":0,"pct":14.29},"statements":{"total":141,"covered":76,"skipped":0,"pct":53.9},"branches":{"total":120,"covered":5,"skipped":0,"pct":4.17}}
,"/Users/hetunandu/code/appsmith/app/client/src/components/editorComponents/HighlightedCode/index.tsx": {"lines":{"total":19,"covered":12,"skipped":0,"pct":63.16},"functions":{"total":4,"covered":1,"skipped":0,"pct":25},"statements":{"total":19,"covered":12,"skipped":0,"pct":63.16},"branches":{"total":9,"covered":2,"skipped":0,"pct":22.22}}
,"/Users/hetunandu/code/appsmith/app/client/src/components/editorComponents/HighlightedCode/themes.ts": {"lines":{"total":7,"covered":5,"skipped":0,"pct":71.43},"functions":{"total":2,"covered":0,"skipped":0,"pct":0},"statements":{"total":7,"covered":5,"skipped":0,"pct":71.43},"branches":{"total":0,"covered":0,"skipped":0,"pct":100}}
,"/Users/hetunandu/code/appsmith/app/client/src/components/editorComponents/LazyCodeEditorWrapper/index.layout.tsx": {"lines":{"total":6,"covered":4,"skipped":0,"pct":66.67},"functions":{"total":2,"covered":0,"skipped":0,"pct":0},"statements":{"total":6,"covered":4,"skipped":0,"pct":66.67},"branches":{"total":10,"covered":0,"skipped":0,"pct":0}}
,"/Users/hetunandu/code/appsmith/app/client/src/components/editorComponents/LazyCodeEditorWrapper/index.tsx": {"lines":{"total":44,"covered":6,"skipped":0,"pct":13.64},"functions":{"total":12,"covered":0,"skipped":0,"pct":0},"statements":{"total":46,"covered":6,"skipped":0,"pct":13.04},"branches":{"total":49,"covered":4,"skipped":0,"pct":8.16}}
,"/Users/hetunandu/code/appsmith/app/client/src/components/editorComponents/WidgetNameComponent/SettingsControl.tsx": {"lines":{"total":40,"covered":35,"skipped":0,"pct":87.5},"functions":{"total":9,"covered":8,"skipped":0,"pct":88.89},"statements":{"total":40,"covered":35,"skipped":0,"pct":87.5},"branches":{"total":23,"covered":12,"skipped":0,"pct":52.17}}
,"/Users/hetunandu/code/appsmith/app/client/src/components/editorComponents/WidgetNameComponent/index.tsx": {"lines":{"total":63,"covered":52,"skipped":0,"pct":82.54},"functions":{"total":11,"covered":10,"skipped":0,"pct":90.91},"statements":{"total":65,"covered":53,"skipped":0,"pct":81.54},"branches":{"total":47,"covered":22,"skipped":0,"pct":46.81}}
,"/Users/hetunandu/code/appsmith/app/client/src/components/editorComponents/form/ToggleComponentToJson.tsx": {"lines":{"total":19,"covered":11,"skipped":0,"pct":57.89},"functions":{"total":5,"covered":0,"skipped":0,"pct":0},"statements":{"total":19,"covered":11,"skipped":0,"pct":57.89},"branches":{"total":6,"covered":0,"skipped":0,"pct":0}}
,"/Users/hetunandu/code/appsmith/app/client/src/components/editorComponents/form/fields/DynamicTextField.tsx": {"lines":{"total":7,"covered":5,"skipped":0,"pct":71.43},"functions":{"total":1,"covered":0,"skipped":0,"pct":0},"statements":{"total":7,"covered":5,"skipped":0,"pct":71.43},"branches":{"total":8,"covered":0,"skipped":0,"pct":0}}
,"/Users/hetunandu/code/appsmith/app/client/src/components/editorComponents/form/fields/StyledFormComponents.tsx": {"lines":{"total":29,"covered":19,"skipped":0,"pct":65.52},"functions":{"total":10,"covered":0,"skipped":0,"pct":0},"statements":{"total":29,"covered":19,"skipped":0,"pct":65.52},"branches":{"total":94,"covered":0,"skipped":0,"pct":0}}
,"/Users/hetunandu/code/appsmith/app/client/src/components/editorComponents/form/fields/TextField.tsx": {"lines":{"total":5,"covered":4,"skipped":0,"pct":80},"functions":{"total":1,"covered":0,"skipped":0,"pct":0},"statements":{"total":5,"covered":4,"skipped":0,"pct":80},"branches":{"total":2,"covered":0,"skipped":0,"pct":0}}
,"/Users/hetunandu/code/appsmith/app/client/src/components/formControls/BaseControl.tsx": {"lines":{"total":2,"covered":2,"skipped":0,"pct":100},"functions":{"total":0,"covered":0,"skipped":0,"pct":100},"statements":{"total":2,"covered":2,"skipped":0,"pct":100},"branches":{"total":0,"covered":0,"skipped":0,"pct":100}}
,"/Users/hetunandu/code/appsmith/app/client/src/components/formControls/CheckboxControl.tsx": {"lines":{"total":12,"covered":7,"skipped":0,"pct":58.33},"functions":{"total":4,"covered":0,"skipped":0,"pct":0},"statements":{"total":12,"covered":7,"skipped":0,"pct":58.33},"branches":{"total":27,"covered":0,"skipped":0,"pct":0}}
,"/Users/hetunandu/code/appsmith/app/client/src/components/formControls/DropDownControl.tsx": {"lines":{"total":80,"covered":14,"skipped":0,"pct":17.5},"functions":{"total":12,"covered":0,"skipped":0,"pct":0},"statements":{"total":81,"covered":14,"skipped":0,"pct":17.28},"branches":{"total":145,"covered":0,"skipped":0,"pct":0}}
,"/Users/hetunandu/code/appsmith/app/client/src/components/formControls/DynamicInputTextControl.tsx": {"lines":{"total":44,"covered":20,"skipped":0,"pct":45.45},"functions":{"total":5,"covered":1,"skipped":0,"pct":20},"statements":{"total":44,"covered":20,"skipped":0,"pct":45.45},"branches":{"total":20,"covered":2,"skipped":0,"pct":10}}
,"/Users/hetunandu/code/appsmith/app/client/src/components/formControls/DynamicTextFieldControl.tsx": {"lines":{"total":39,"covered":18,"skipped":0,"pct":46.15},"functions":{"total":8,"covered":0,"skipped":0,"pct":0},"statements":{"total":40,"covered":18,"skipped":0,"pct":45},"branches":{"total":12,"covered":0,"skipped":0,"pct":0}}
,"/Users/hetunandu/code/appsmith/app/client/src/components/formControls/EntitySelectorControl.tsx": {"lines":{"total":17,"covered":9,"skipped":0,"pct":52.94},"functions":{"total":5,"covered":0,"skipped":0,"pct":0},"statements":{"total":17,"covered":9,"skipped":0,"pct":52.94},"branches":{"total":10,"covered":0,"skipped":0,"pct":0}}
,"/Users/hetunandu/code/appsmith/app/client/src/components/formControls/FieldArrayControl.tsx": {"lines":{"total":25,"covered":12,"skipped":0,"pct":48},"functions":{"total":8,"covered":0,"skipped":0,"pct":0},"statements":{"total":25,"covered":12,"skipped":0,"pct":48},"branches":{"total":4,"covered":0,"skipped":0,"pct":0}}
,"/Users/hetunandu/code/appsmith/app/client/src/components/formControls/FilePickerControl.tsx": {"lines":{"total":40,"covered":17,"skipped":0,"pct":42.5},"functions":{"total":11,"covered":0,"skipped":0,"pct":0},"statements":{"total":41,"covered":17,"skipped":0,"pct":41.46},"branches":{"total":33,"covered":0,"skipped":0,"pct":0}}
,"/Users/hetunandu/code/appsmith/app/client/src/components/formControls/FixedKeyInputControl.tsx": {"lines":{"total":17,"covered":6,"skipped":0,"pct":35.29},"functions":{"total":5,"covered":0,"skipped":0,"pct":0},"statements":{"total":17,"covered":6,"skipped":0,"pct":35.29},"branches":{"total":4,"covered":0,"skipped":0,"pct":0}}
,"/Users/hetunandu/code/appsmith/app/client/src/components/formControls/InputTextControl.tsx": {"lines":{"total":23,"covered":9,"skipped":0,"pct":39.13},"functions":{"total":6,"covered":0,"skipped":0,"pct":0},"statements":{"total":23,"covered":9,"skipped":0,"pct":39.13},"branches":{"total":16,"covered":0,"skipped":0,"pct":0}}
,"/Users/hetunandu/code/appsmith/app/client/src/components/formControls/KeyValueArrayControl.tsx": {"lines":{"total":57,"covered":14,"skipped":0,"pct":24.56},"functions":{"total":14,"covered":0,"skipped":0,"pct":0},"statements":{"total":59,"covered":14,"skipped":0,"pct":23.73},"branches":{"total":116,"covered":0,"skipped":0,"pct":0}}
,"/Users/hetunandu/code/appsmith/app/client/src/components/formControls/KeyValueInputControl.tsx": {"lines":{"total":20,"covered":10,"skipped":0,"pct":50},"functions":{"total":7,"covered":0,"skipped":0,"pct":0},"statements":{"total":21,"covered":10,"skipped":0,"pct":47.62},"branches":{"total":7,"covered":0,"skipped":0,"pct":0}}
,"/Users/hetunandu/code/appsmith/app/client/src/components/formControls/PaginationControl.tsx": {"lines":{"total":23,"covered":15,"skipped":0,"pct":65.22},"functions":{"total":3,"covered":0,"skipped":0,"pct":0},"statements":{"total":23,"covered":15,"skipped":0,"pct":65.22},"branches":{"total":12,"covered":0,"skipped":0,"pct":0}}
,"/Users/hetunandu/code/appsmith/app/client/src/components/formControls/SortingControl.tsx": {"lines":{"total":47,"covered":22,"skipped":0,"pct":46.81},"functions":{"total":11,"covered":1,"skipped":0,"pct":9.09},"statements":{"total":47,"covered":22,"skipped":0,"pct":46.81},"branches":{"total":22,"covered":2,"skipped":0,"pct":9.09}}
,"/Users/hetunandu/code/appsmith/app/client/src/components/formControls/SwitchControl.tsx": {"lines":{"total":18,"covered":9,"skipped":0,"pct":50},"functions":{"total":5,"covered":0,"skipped":0,"pct":0},"statements":{"total":20,"covered":9,"skipped":0,"pct":45},"branches":{"total":4,"covered":0,"skipped":0,"pct":0}}
,"/Users/hetunandu/code/appsmith/app/client/src/components/formControls/WhereClauseControl.tsx": {"lines":{"total":68,"covered":27,"skipped":0,"pct":39.71},"functions":{"total":19,"covered":0,"skipped":0,"pct":0},"statements":{"total":68,"covered":27,"skipped":0,"pct":39.71},"branches":{"total":56,"covered":0,"skipped":0,"pct":0}}
,"/Users/hetunandu/code/appsmith/app/client/src/components/formControls/utils.ts": {"lines":{"total":195,"covered":147,"skipped":0,"pct":75.38},"functions":{"total":33,"covered":26,"skipped":0,"pct":78.79},"statements":{"total":215,"covered":162,"skipped":0,"pct":75.35},"branches":{"total":167,"covered":98,"skipped":0,"pct":58.68}}
,"/Users/hetunandu/code/appsmith/app/client/src/components/propertyControls/BaseControl.tsx": {"lines":{"total":13,"covered":6,"skipped":0,"pct":46.15},"functions":{"total":7,"covered":2,"skipped":0,"pct":28.57},"statements":{"total":13,"covered":6,"skipped":0,"pct":46.15},"branches":{"total":3,"covered":1,"skipped":0,"pct":33.33}}
,"/Users/hetunandu/code/appsmith/app/client/src/components/propertyControls/DropDownControl.tsx": {"lines":{"total":70,"covered":18,"skipped":0,"pct":25.71},"functions":{"total":15,"covered":2,"skipped":0,"pct":13.33},"statements":{"total":73,"covered":19,"skipped":0,"pct":26.03},"branches":{"total":54,"covered":9,"skipped":0,"pct":16.67}}
,"/Users/hetunandu/code/appsmith/app/client/src/components/propertyControls/IconSelectControl.tsx": {"lines":{"total":135,"covered":120,"skipped":0,"pct":88.89},"functions":{"total":25,"covered":22,"skipped":0,"pct":88},"statements":{"total":140,"covered":124,"skipped":0,"pct":88.57},"branches":{"total":93,"covered":71,"skipped":0,"pct":76.34}}
,"/Users/hetunandu/code/appsmith/app/client/src/components/propertyControls/InputTextControl.tsx": {"lines":{"total":23,"covered":8,"skipped":0,"pct":34.78},"functions":{"total":6,"covered":0,"skipped":0,"pct":0},"statements":{"total":23,"covered":8,"skipped":0,"pct":34.78},"branches":{"total":10,"covered":0,"skipped":0,"pct":0}}
,"/Users/hetunandu/code/appsmith/app/client/src/components/propertyControls/JSONFormComputeControl.tsx": {"lines":{"total":72,"covered":17,"skipped":0,"pct":23.61},"functions":{"total":17,"covered":0,"skipped":0,"pct":0},"statements":{"total":74,"covered":19,"skipped":0,"pct":25.68},"branches":{"total":28,"covered":0,"skipped":0,"pct":0}}
,"/Users/hetunandu/code/appsmith/app/client/src/components/propertyControls/KeyValueComponent.tsx": {"lines":{"total":71,"covered":12,"skipped":0,"pct":16.9},"functions":{"total":28,"covered":0,"skipped":0,"pct":0},"statements":{"total":73,"covered":12,"skipped":0,"pct":16.44},"branches":{"total":18,"covered":0,"skipped":0,"pct":0}}
,"/Users/hetunandu/code/appsmith/app/client/src/components/propertyControls/StepControl.tsx": {"lines":{"total":29,"covered":11,"skipped":0,"pct":37.93},"functions":{"total":11,"covered":1,"skipped":0,"pct":9.09},"statements":{"total":29,"covered":11,"skipped":0,"pct":37.93},"branches":{"total":16,"covered":4,"skipped":0,"pct":25}}
,"/Users/hetunandu/code/appsmith/app/client/src/components/propertyControls/StyledControls.tsx": {"lines":{"total":106,"covered":40,"skipped":0,"pct":37.74},"functions":{"total":46,"covered":0,"skipped":0,"pct":0},"statements":{"total":107,"covered":40,"skipped":0,"pct":37.38},"branches":{"total":64,"covered":0,"skipped":0,"pct":0}}
,"/Users/hetunandu/code/appsmith/app/client/src/components/utils/Skeleton.tsx": {"lines":{"total":7,"covered":6,"skipped":0,"pct":85.71},"functions":{"total":1,"covered":0,"skipped":0,"pct":0},"statements":{"total":7,"covered":6,"skipped":0,"pct":85.71},"branches":{"total":0,"covered":0,"skipped":0,"pct":100}}
,"/Users/hetunandu/code/appsmith/app/client/src/constants/ApiEditorConstants.ts": {"lines":{"total":48,"covered":48,"skipped":0,"pct":100},"functions":{"total":8,"covered":8,"skipped":0,"pct":100},"statements":{"total":49,"covered":49,"skipped":0,"pct":100},"branches":{"total":10,"covered":10,"skipped":0,"pct":100}}
,"/Users/hetunandu/code/appsmith/app/client/src/constants/AppConstants.ts": {"lines":{"total":26,"covered":16,"skipped":0,"pct":61.54},"functions":{"total":2,"covered":0,"skipped":0,"pct":0},"statements":{"total":29,"covered":18,"skipped":0,"pct":62.07},"branches":{"total":4,"covered":0,"skipped":0,"pct":0}}
,"/Users/hetunandu/code/appsmith/app/client/src/constants/BindingsConstants.ts": {"lines":{"total":4,"covered":4,"skipped":0,"pct":100},"functions":{"total":0,"covered":0,"skipped":0,"pct":100},"statements":{"total":4,"covered":4,"skipped":0,"pct":100},"branches":{"total":0,"covered":0,"skipped":0,"pct":100}}
,"/Users/hetunandu/code/appsmith/app/client/src/constants/Colors.tsx": {"lines":{"total":1,"covered":1,"skipped":0,"pct":100},"functions":{"total":0,"covered":0,"skipped":0,"pct":100},"statements":{"total":1,"covered":1,"skipped":0,"pct":100},"branches":{"total":0,"covered":0,"skipped":0,"pct":100}}
,"/Users/hetunandu/code/appsmith/app/client/src/constants/Currency.tsx": {"lines":{"total":1,"covered":1,"skipped":0,"pct":100},"functions":{"total":0,"covered":0,"skipped":0,"pct":100},"statements":{"total":1,"covered":1,"skipped":0,"pct":100},"branches":{"total":0,"covered":0,"skipped":0,"pct":100}}
,"/Users/hetunandu/code/appsmith/app/client/src/constants/DatasourceEditorConstants.ts": {"lines":{"total":5,"covered":5,"skipped":0,"pct":100},"functions":{"total":0,"covered":0,"skipped":0,"pct":100},"statements":{"total":5,"covered":5,"skipped":0,"pct":100},"branches":{"total":0,"covered":0,"skipped":0,"pct":100}}
,"/Users/hetunandu/code/appsmith/app/client/src/constants/DefaultTheme.tsx": {"lines":{"total":106,"covered":80,"skipped":0,"pct":75.47},"functions":{"total":32,"covered":14,"skipped":0,"pct":43.75},"statements":{"total":115,"covered":89,"skipped":0,"pct":77.39},"branches":{"total":39,"covered":5,"skipped":0,"pct":12.82}}
,"/Users/hetunandu/code/appsmith/app/client/src/constants/Fonts.tsx": {"lines":{"total":2,"covered":2,"skipped":0,"pct":100},"functions":{"total":0,"covered":0,"skipped":0,"pct":100},"statements":{"total":2,"covered":2,"skipped":0,"pct":100},"branches":{"total":0,"covered":0,"skipped":0,"pct":100}}
,"/Users/hetunandu/code/appsmith/app/client/src/constants/GitErrorCodes.ts": {"lines":{"total":2,"covered":2,"skipped":0,"pct":100},"functions":{"total":0,"covered":0,"skipped":0,"pct":100},"statements":{"total":2,"covered":2,"skipped":0,"pct":100},"branches":{"total":0,"covered":0,"skipped":0,"pct":100}}
,"/Users/hetunandu/code/appsmith/app/client/src/constants/HelpConstants.ts": {"lines":{"total":4,"covered":4,"skipped":0,"pct":100},"functions":{"total":0,"covered":0,"skipped":0,"pct":100},"statements":{"total":4,"covered":4,"skipped":0,"pct":100},"branches":{"total":0,"covered":0,"skipped":0,"pct":100}}
,"/Users/hetunandu/code/appsmith/app/client/src/constants/ISDCodes.tsx": {"lines":{"total":1,"covered":1,"skipped":0,"pct":100},"functions":{"total":0,"covered":0,"skipped":0,"pct":100},"statements":{"total":1,"covered":1,"skipped":0,"pct":100},"branches":{"total":0,"covered":0,"skipped":0,"pct":100}}
,"/Users/hetunandu/code/appsmith/app/client/src/constants/ISDCodes_v2.tsx": {"lines":{"total":1,"covered":1,"skipped":0,"pct":100},"functions":{"total":0,"covered":0,"skipped":0,"pct":100},"statements":{"total":1,"covered":1,"skipped":0,"pct":100},"branches":{"total":0,"covered":0,"skipped":0,"pct":100}}
,"/Users/hetunandu/code/appsmith/app/client/src/constants/IconConstants.tsx": {"lines":{"total":9,"covered":9,"skipped":0,"pct":100},"functions":{"total":7,"covered":7,"skipped":0,"pct":100},"statements":{"total":9,"covered":9,"skipped":0,"pct":100},"branches":{"total":22,"covered":16,"skipped":0,"pct":72.73}}
,"/Users/hetunandu/code/appsmith/app/client/src/constants/KeyboardShortcuts.ts": {"lines":{"total":1,"covered":1,"skipped":0,"pct":100},"functions":{"total":0,"covered":0,"skipped":0,"pct":100},"statements":{"total":1,"covered":1,"skipped":0,"pct":100},"branches":{"total":0,"covered":0,"skipped":0,"pct":100}}
,"/Users/hetunandu/code/appsmith/app/client/src/constants/Layers.tsx": {"lines":{"total":18,"covered":18,"skipped":0,"pct":100},"functions":{"total":1,"covered":1,"skipped":0,"pct":100},"statements":{"total":18,"covered":18,"skipped":0,"pct":100},"branches":{"total":2,"covered":2,"skipped":0,"pct":100}}
,"/Users/hetunandu/code/appsmith/app/client/src/constants/QueryEditorConstants.ts": {"lines":{"total":10,"covered":10,"skipped":0,"pct":100},"functions":{"total":1,"covered":1,"skipped":0,"pct":100},"statements":{"total":10,"covered":10,"skipped":0,"pct":100},"branches":{"total":2,"covered":2,"skipped":0,"pct":100}}
,"/Users/hetunandu/code/appsmith/app/client/src/constants/ThemeConstants.tsx": {"lines":{"total":12,"covered":11,"skipped":0,"pct":91.67},"functions":{"total":1,"covered":0,"skipped":0,"pct":0},"statements":{"total":13,"covered":12,"skipped":0,"pct":92.31},"branches":{"total":0,"covered":0,"skipped":0,"pct":100}}
,"/Users/hetunandu/code/appsmith/app/client/src/constants/ThirdPartyConstants.tsx": {"lines":{"total":13,"covered":12,"skipped":0,"pct":92.31},"functions":{"total":1,"covered":0,"skipped":0,"pct":0},"statements":{"total":14,"covered":13,"skipped":0,"pct":92.86},"branches":{"total":0,"covered":0,"skipped":0,"pct":100}}
,"/Users/hetunandu/code/appsmith/app/client/src/constants/WebsocketConstants.tsx": {"lines":{"total":6,"covered":6,"skipped":0,"pct":100},"functions":{"total":3,"covered":0,"skipped":0,"pct":0},"statements":{"total":12,"covered":9,"skipped":0,"pct":75},"branches":{"total":0,"covered":0,"skipped":0,"pct":100}}
,"/Users/hetunandu/code/appsmith/app/client/src/constants/WidgetConstants.tsx": {"lines":{"total":31,"covered":31,"skipped":0,"pct":100},"functions":{"total":2,"covered":2,"skipped":0,"pct":100},"statements":{"total":31,"covered":31,"skipped":0,"pct":100},"branches":{"total":4,"covered":4,"skipped":0,"pct":100}}
,"/Users/hetunandu/code/appsmith/app/client/src/constants/WidgetValidation.ts": {"lines":{"total":20,"covered":20,"skipped":0,"pct":100},"functions":{"total":1,"covered":1,"skipped":0,"pct":100},"statements":{"total":20,"covered":20,"skipped":0,"pct":100},"branches":{"total":2,"covered":2,"skipped":0,"pct":100}}
,"/Users/hetunandu/code/appsmith/app/client/src/constants/ast.ts": {"lines":{"total":18,"covered":18,"skipped":0,"pct":100},"functions":{"total":2,"covered":2,"skipped":0,"pct":100},"statements":{"total":18,"covered":18,"skipped":0,"pct":100},"branches":{"total":4,"covered":4,"skipped":0,"pct":100}}
,"/Users/hetunandu/code/appsmith/app/client/src/constants/componentClassNameConstants.ts": {"lines":{"total":7,"covered":5,"skipped":0,"pct":71.43},"functions":{"total":3,"covered":1,"skipped":0,"pct":33.33},"statements":{"total":7,"covered":5,"skipped":0,"pct":71.43},"branches":{"total":0,"covered":0,"skipped":0,"pct":100}}
,"/Users/hetunandu/code/appsmith/app/client/src/constants/forms.ts": {"lines":{"total":33,"covered":33,"skipped":0,"pct":100},"functions":{"total":0,"covered":0,"skipped":0,"pct":100},"statements":{"total":33,"covered":33,"skipped":0,"pct":100},"branches":{"total":0,"covered":0,"skipped":0,"pct":100}}
,"/Users/hetunandu/code/appsmith/app/client/src/constants/typography.ts": {"lines":{"total":1,"covered":1,"skipped":0,"pct":100},"functions":{"total":0,"covered":0,"skipped":0,"pct":100},"statements":{"total":1,"covered":1,"skipped":0,"pct":100},"branches":{"total":0,"covered":0,"skipped":0,"pct":100}}
,"/Users/hetunandu/code/appsmith/app/client/src/constants/userConstants.ts": {"lines":{"total":5,"covered":5,"skipped":0,"pct":100},"functions":{"total":0,"covered":0,"skipped":0,"pct":100},"statements":{"total":5,"covered":5,"skipped":0,"pct":100},"branches":{"total":0,"covered":0,"skipped":0,"pct":100}}
,"/Users/hetunandu/code/appsmith/app/client/src/constants/AppsmithActionConstants/ActionConstants.tsx": {"lines":{"total":82,"covered":82,"skipped":0,"pct":100},"functions":{"total":1,"covered":1,"skipped":0,"pct":100},"statements":{"total":82,"covered":82,"skipped":0,"pct":100},"branches":{"total":2,"covered":2,"skipped":0,"pct":100}}
,"/Users/hetunandu/code/appsmith/app/client/src/constants/AppsmithActionConstants/formConfig/ApiDatasourceFormsButtonConfig.ts": {"lines":{"total":1,"covered":1,"skipped":0,"pct":100},"functions":{"total":0,"covered":0,"skipped":0,"pct":100},"statements":{"total":1,"covered":1,"skipped":0,"pct":100},"branches":{"total":0,"covered":0,"skipped":0,"pct":100}}
,"/Users/hetunandu/code/appsmith/app/client/src/constants/AppsmithActionConstants/formConfig/ApiDependencyConfigs.ts": {"lines":{"total":1,"covered":1,"skipped":0,"pct":100},"functions":{"total":0,"covered":0,"skipped":0,"pct":100},"statements":{"total":1,"covered":1,"skipped":0,"pct":100},"branches":{"total":0,"covered":0,"skipped":0,"pct":100}}
,"/Users/hetunandu/code/appsmith/app/client/src/constants/AppsmithActionConstants/formConfig/ApiEditorConfigs.ts": {"lines":{"total":1,"covered":1,"skipped":0,"pct":100},"functions":{"total":0,"covered":0,"skipped":0,"pct":100},"statements":{"total":1,"covered":1,"skipped":0,"pct":100},"branches":{"total":0,"covered":0,"skipped":0,"pct":100}}
,"/Users/hetunandu/code/appsmith/app/client/src/constants/AppsmithActionConstants/formConfig/ApiSettingsConfig.ts": {"lines":{"total":1,"covered":1,"skipped":0,"pct":100},"functions":{"total":0,"covered":0,"skipped":0,"pct":100},"statements":{"total":1,"covered":1,"skipped":0,"pct":100},"branches":{"total":0,"covered":0,"skipped":0,"pct":100}}
,"/Users/hetunandu/code/appsmith/app/client/src/constants/AppsmithActionConstants/formConfig/GoogleSheetsSettingsConfig.ts": {"lines":{"total":1,"covered":1,"skipped":0,"pct":100},"functions":{"total":0,"covered":0,"skipped":0,"pct":100},"statements":{"total":1,"covered":1,"skipped":0,"pct":100},"branches":{"total":0,"covered":0,"skipped":0,"pct":100}}
,"/Users/hetunandu/code/appsmith/app/client/src/constants/AppsmithActionConstants/formConfig/QuerySettingsConfig.ts": {"lines":{"total":1,"covered":1,"skipped":0,"pct":100},"functions":{"total":0,"covered":0,"skipped":0,"pct":100},"statements":{"total":1,"covered":1,"skipped":0,"pct":100},"branches":{"total":0,"covered":0,"skipped":0,"pct":100}}
[...]
,"/Users/hetunandu/code/appsmith/app/client/src/widgets/TabsWidget/component/index.tsx": {"lines":{"total":49,"covered":16,"skipped":0,"pct":32.65},"functions":{"total":14,"covered":0,"skipped":0,"pct":0},"statements":{"total":50,"covered":16,"skipped":0,"pct":32},"branches":{"total":21,"covered":0,"skipped":0,"pct":0}}
,"/Users/hetunandu/code/appsmith/app/client/src/widgets/TabsWidget/widget/derived.js": {"lines":{"total":9,"covered":9,"skipped":0,"pct":100},"functions":{"total":2,"covered":2,"skipped":0,"pct":100},"statements":{"total":9,"covered":9,"skipped":0,"pct":100},"branches":{"total":4,"covered":3,"skipped":0,"pct":75}}
,"/Users/hetunandu/code/appsmith/app/client/src/widgets/TabsWidget/widget/index.tsx": {"lines":{"total":80,"covered":17,"skipped":0,"pct":21.25},"functions":{"total":19,"covered":5,"skipped":0,"pct":26.32},"statements":{"total":81,"covered":17,"skipped":0,"pct":20.99},"branches":{"total":58,"covered":0,"skipped":0,"pct":0}}
,"/Users/hetunandu/code/appsmith/app/client/src/widgets/TabsWidget/widget/parseDerivedProperties.ts": {"lines":{"total":13,"covered":5,"skipped":0,"pct":38.46},"functions":{"total":1,"covered":0,"skipped":0,"pct":0},"statements":{"total":13,"covered":5,"skipped":0,"pct":38.46},"branches":{"total":3,"covered":0,"skipped":0,"pct":0}}
,"/Users/hetunandu/code/appsmith/app/client/src/widgets/TextWidget/constants.ts": {"lines":{"total":4,"covered":4,"skipped":0,"pct":100},"functions":{"total":1,"covered":1,"skipped":0,"pct":100},"statements":{"total":4,"covered":4,"skipped":0,"pct":100},"branches":{"total":2,"covered":2,"skipped":0,"pct":100}}
,"/Users/hetunandu/code/appsmith/app/client/src/widgets/TextWidget/index.ts": {"lines":{"total":6,"covered":6,"skipped":0,"pct":100},"functions":{"total":0,"covered":0,"skipped":0,"pct":100},"statements":{"total":6,"covered":6,"skipped":0,"pct":100},"branches":{"total":0,"covered":0,"skipped":0,"pct":100}}
,"/Users/hetunandu/code/appsmith/app/client/src/widgets/TextWidget/component/FontLoader.tsx": {"lines":{"total":5,"covered":3,"skipped":0,"pct":60},"functions":{"total":1,"covered":0,"skipped":0,"pct":0},"statements":{"total":5,"covered":3,"skipped":0,"pct":60},"branches":{"total":0,"covered":0,"skipped":0,"pct":100}}
,"/Users/hetunandu/code/appsmith/app/client/src/widgets/TextWidget/component/index.tsx": {"lines":{"total":65,"covered":21,"skipped":0,"pct":32.31},"functions":{"total":26,"covered":0,"skipped":0,"pct":0},"statements":{"total":65,"covered":21,"skipped":0,"pct":32.31},"branches":{"total":116,"covered":0,"skipped":0,"pct":0}}
,"/Users/hetunandu/code/appsmith/app/client/src/widgets/TextWidget/widget/index.tsx": {"lines":{"total":21,"covered":14,"skipped":0,"pct":66.67},"functions":{"total":7,"covered":3,"skipped":0,"pct":42.86},"statements":{"total":21,"covered":14,"skipped":0,"pct":66.67},"branches":{"total":9,"covered":0,"skipped":0,"pct":0}}
,"/Users/hetunandu/code/appsmith/app/client/src/widgets/VideoWidget/index.ts": {"lines":{"total":4,"covered":4,"skipped":0,"pct":100},"functions":{"total":0,"covered":0,"skipped":0,"pct":100},"statements":{"total":4,"covered":4,"skipped":0,"pct":100},"branches":{"total":0,"covered":0,"skipped":0,"pct":100}}
,"/Users/hetunandu/code/appsmith/app/client/src/widgets/VideoWidget/component/PopoverVideo.tsx": {"lines":{"total":11,"covered":9,"skipped":0,"pct":81.82},"functions":{"total":2,"covered":0,"skipped":0,"pct":0},"statements":{"total":11,"covered":9,"skipped":0,"pct":81.82},"branches":{"total":0,"covered":0,"skipped":0,"pct":100}}
,"/Users/hetunandu/code/appsmith/app/client/src/widgets/VideoWidget/component/index.tsx": {"lines":{"total":13,"covered":8,"skipped":0,"pct":61.54},"functions":{"total":4,"covered":0,"skipped":0,"pct":0},"statements":{"total":13,"covered":8,"skipped":0,"pct":61.54},"branches":{"total":4,"covered":0,"skipped":0,"pct":0}}
,"/Users/hetunandu/code/appsmith/app/client/src/widgets/VideoWidget/widget/index.tsx": {"lines":{"total":24,"covered":18,"skipped":0,"pct":75},"functions":{"total":13,"covered":5,"skipped":0,"pct":38.46},"statements":{"total":26,"covered":18,"skipped":0,"pct":69.23},"branches":{"total":2,"covered":2,"skipped":0,"pct":100}}
,"/Users/hetunandu/code/appsmith/app/client/src/workers/Actions.ts": {"lines":{"total":60,"covered":57,"skipped":0,"pct":95},"functions":{"total":30,"covered":27,"skipped":0,"pct":90},"statements":{"total":62,"covered":59,"skipped":0,"pct":95.16},"branches":{"total":58,"covered":39,"skipped":0,"pct":67.24}}
,"/Users/hetunandu/code/appsmith/app/client/src/workers/PromisifyAction.ts": {"lines":{"total":34,"covered":31,"skipped":0,"pct":91.18},"functions":{"total":6,"covered":4,"skipped":0,"pct":66.67},"statements":{"total":38,"covered":34,"skipped":0,"pct":89.47},"branches":{"total":9,"covered":8,"skipped":0,"pct":88.89}}
,"/Users/hetunandu/code/appsmith/app/client/src/workers/ReplayDSL.ts": {"lines":{"total":50,"covered":45,"skipped":0,"pct":90},"functions":{"total":7,"covered":6,"skipped":0,"pct":85.71},"statements":{"total":50,"covered":45,"skipped":0,"pct":90},"branches":{"total":14,"covered":12,"skipped":0,"pct":85.71}}
,"/Users/hetunandu/code/appsmith/app/client/src/workers/ast.ts": {"lines":{"total":111,"covered":106,"skipped":0,"pct":95.5},"functions":{"total":28,"covered":26,"skipped":0,"pct":92.86},"statements":{"total":123,"covered":116,"skipped":0,"pct":94.31},"branches":{"total":45,"covered":41,"skipped":0,"pct":91.11}}
,"/Users/hetunandu/code/appsmith/app/client/src/workers/evaluate.ts": {"lines":{"total":134,"covered":132,"skipped":0,"pct":98.51},"functions":{"total":25,"covered":25,"skipped":0,"pct":100},"statements":{"total":138,"covered":136,"skipped":0,"pct":98.55},"branches":{"total":60,"covered":52,"skipped":0,"pct":86.67}}
,"/Users/hetunandu/code/appsmith/app/client/src/workers/evaluation.worker.ts": {"lines":{"total":143,"covered":12,"skipped":0,"pct":8.39},"functions":{"total":3,"covered":1,"skipped":0,"pct":33.33},"statements":{"total":147,"covered":12,"skipped":0,"pct":8.16},"branches":{"total":100,"covered":0,"skipped":0,"pct":0}}
,"/Users/hetunandu/code/appsmith/app/client/src/workers/evaluationSubstitution.ts": {"lines":{"total":55,"covered":55,"skipped":0,"pct":100},"functions":{"total":10,"covered":10,"skipped":0,"pct":100},"statements":{"total":59,"covered":59,"skipped":0,"pct":100},"branches":{"total":22,"covered":21,"skipped":0,"pct":95.45}}
,"/Users/hetunandu/code/appsmith/app/client/src/workers/evaluationUtils.ts": {"lines":{"total":290,"covered":257,"skipped":0,"pct":88.62},"functions":{"total":58,"covered":50,"skipped":0,"pct":86.21},"statements":{"total":315,"covered":280,"skipped":0,"pct":88.89},"branches":{"total":149,"covered":118,"skipped":0,"pct":79.19}}
,"/Users/hetunandu/code/appsmith/app/client/src/workers/formEval.ts": {"lines":{"total":173,"covered":20,"skipped":0,"pct":11.56},"functions":{"total":21,"covered":2,"skipped":0,"pct":9.52},"statements":{"total":174,"covered":20,"skipped":0,"pct":11.49},"branches":{"total":191,"covered":4,"skipped":0,"pct":2.09}}
,"/Users/hetunandu/code/appsmith/app/client/src/workers/helpers.ts": {"lines":{"total":23,"covered":20,"skipped":0,"pct":86.96},"functions":{"total":2,"covered":2,"skipped":0,"pct":100},"statements":{"total":29,"covered":24,"skipped":0,"pct":82.76},"branches":{"total":12,"covered":4,"skipped":0,"pct":33.33}}
,"/Users/hetunandu/code/appsmith/app/client/src/workers/replayUtils.ts": {"lines":{"total":41,"covered":39,"skipped":0,"pct":95.12},"functions":{"total":6,"covered":6,"skipped":0,"pct":100},"statements":{"total":43,"covered":39,"skipped":0,"pct":90.7},"branches":{"total":29,"covered":22,"skipped":0,"pct":75.86}}
,"/Users/hetunandu/code/appsmith/app/client/src/workers/validations.ts": {"lines":{"total":339,"covered":279,"skipped":0,"pct":82.3},"functions":{"total":35,"covered":27,"skipped":0,"pct":77.14},"statements":{"total":353,"covered":289,"skipped":0,"pct":81.87},"branches":{"total":660,"covered":471,"skipped":0,"pct":71.36}}
,"/Users/hetunandu/code/appsmith/app/client/src/workers/DataTreeEvaluator/index.ts": {"lines":{"total":423,"covered":370,"skipped":0,"pct":87.47},"functions":{"total":67,"covered":57,"skipped":0,"pct":85.07},"statements":{"total":427,"covered":372,"skipped":0,"pct":87.12},"branches":{"total":183,"covered":120,"skipped":0,"pct":65.57}}
,"/Users/hetunandu/code/appsmith/app/client/src/workers/DataTreeEvaluator/mockData/ArrayAccessorTree.ts": {"lines":{"total":3,"covered":3,"skipped":0,"pct":100},"functions":{"total":0,"covered":0,"skipped":0,"pct":100},"statements":{"total":3,"covered":3,"skipped":0,"pct":100},"branches":{"total":0,"covered":0,"skipped":0,"pct":100}}
,"/Users/hetunandu/code/appsmith/app/client/src/workers/DataTreeEvaluator/mockData/NestedArrayAccessorTree.ts": {"lines":{"total":3,"covered":3,"skipped":0,"pct":100},"functions":{"total":0,"covered":0,"skipped":0,"pct":100},"statements":{"total":3,"covered":3,"skipped":0,"pct":100},"branches":{"total":0,"covered":0,"skipped":0,"pct":100}}
,"/Users/hetunandu/code/appsmith/app/client/src/workers/DataTreeEvaluator/mockData/mockUnEvalTree.ts": {"lines":{"total":5,"covered":5,"skipped":0,"pct":100},"functions":{"total":0,"covered":0,"skipped":0,"pct":100},"statements":{"total":5,"covered":5,"skipped":0,"pct":100},"branches":{"total":0,"covered":0,"skipped":0,"pct":100}}
,"/Users/hetunandu/code/appsmith/app/client/src/workers/DependencyMap/index.ts": {"lines":{"total":143,"covered":126,"skipped":0,"pct":88.11},"functions":{"total":21,"covered":19,"skipped":0,"pct":90.48},"statements":{"total":144,"covered":127,"skipped":0,"pct":88.19},"branches":{"total":65,"covered":52,"skipped":0,"pct":80}}
,"/Users/hetunandu/code/appsmith/app/client/src/workers/DependencyMap/utils.ts": {"lines":{"total":28,"covered":26,"skipped":0,"pct":92.86},"functions":{"total":5,"covered":5,"skipped":0,"pct":100},"statements":{"total":30,"covered":28,"skipped":0,"pct":93.33},"branches":{"total":2,"covered":2,"skipped":0,"pct":100}}
,"/Users/hetunandu/code/appsmith/app/client/src/workers/JSObject/index.ts": {"lines":{"total":87,"covered":71,"skipped":0,"pct":81.61},"functions":{"total":12,"covered":10,"skipped":0,"pct":83.33},"statements":{"total":89,"covered":72,"skipped":0,"pct":80.9},"branches":{"total":33,"covered":16,"skipped":0,"pct":48.48}}
,"/Users/hetunandu/code/appsmith/app/client/src/workers/JSObject/utils.ts": {"lines":{"total":118,"covered":39,"skipped":0,"pct":33.05},"functions":{"total":12,"covered":4,"skipped":0,"pct":33.33},"statements":{"total":128,"covered":45,"skipped":0,"pct":35.16},"branches":{"total":24,"covered":17,"skipped":0,"pct":70.83}}
,"/Users/hetunandu/code/appsmith/app/client/src/workers/Lint/index.ts": {"lines":{"total":55,"covered":55,"skipped":0,"pct":100},"functions":{"total":7,"covered":7,"skipped":0,"pct":100},"statements":{"total":57,"covered":57,"skipped":0,"pct":100},"branches":{"total":16,"covered":16,"skipped":0,"pct":100}}
,"/Users/hetunandu/code/appsmith/app/client/src/workers/Lint/utils.ts": {"lines":{"total":63,"covered":54,"skipped":0,"pct":85.71},"functions":{"total":12,"covered":10,"skipped":0,"pct":83.33},"statements":{"total":70,"covered":59,"skipped":0,"pct":84.29},"branches":{"total":28,"covered":19,"skipped":0,"pct":67.86}}
,"/Users/hetunandu/code/appsmith/app/client/test/factories/WidgetFactoryUtils.ts": {"lines":{"total":16,"covered":15,"skipped":0,"pct":93.75},"functions":{"total":4,"covered":4,"skipped":0,"pct":100},"statements":{"total":18,"covered":17,"skipped":0,"pct":94.44},"branches":{"total":2,"covered":1,"skipped":0,"pct":50}}
,"/Users/hetunandu/code/appsmith/app/client/test/factories/Widgets/ButtonFactory.ts": {"lines":{"total":4,"covered":3,"skipped":0,"pct":75},"functions":{"total":1,"covered":0,"skipped":0,"pct":0},"statements":{"total":4,"covered":3,"skipped":0,"pct":75},"branches":{"total":0,"covered":0,"skipped":0,"pct":100}}
,"/Users/hetunandu/code/appsmith/app/client/test/factories/Widgets/CanvasFactory.ts": {"lines":{"total":4,"covered":3,"skipped":0,"pct":75},"functions":{"total":1,"covered":0,"skipped":0,"pct":0},"statements":{"total":4,"covered":3,"skipped":0,"pct":75},"branches":{"total":0,"covered":0,"skipped":0,"pct":100}}
,"/Users/hetunandu/code/appsmith/app/client/test/factories/Widgets/ChartFactory.ts": {"lines":{"total":4,"covered":3,"skipped":0,"pct":75},"functions":{"total":1,"covered":0,"skipped":0,"pct":0},"statements":{"total":4,"covered":3,"skipped":0,"pct":75},"branches":{"total":0,"covered":0,"skipped":0,"pct":100}}
,"/Users/hetunandu/code/appsmith/app/client/test/factories/Widgets/CheckboxFactory.ts": {"lines":{"total":4,"covered":3,"skipped":0,"pct":75},"functions":{"total":1,"covered":0,"skipped":0,"pct":0},"statements":{"total":4,"covered":3,"skipped":0,"pct":75},"branches":{"total":0,"covered":0,"skipped":0,"pct":100}}
,"/Users/hetunandu/code/appsmith/app/client/test/factories/Widgets/ContainerFactory.ts": {"lines":{"total":4,"covered":4,"skipped":0,"pct":100},"functions":{"total":1,"covered":1,"skipped":0,"pct":100},"statements":{"total":4,"covered":4,"skipped":0,"pct":100},"branches":{"total":0,"covered":0,"skipped":0,"pct":100}}
,"/Users/hetunandu/code/appsmith/app/client/test/factories/Widgets/DatepickerFactory.ts": {"lines":{"total":6,"covered":4,"skipped":0,"pct":66.67},"functions":{"total":2,"covered":0,"skipped":0,"pct":0},"statements":{"total":6,"covered":4,"skipped":0,"pct":66.67},"branches":{"total":0,"covered":0,"skipped":0,"pct":100}}
,"/Users/hetunandu/code/appsmith/app/client/test/factories/Widgets/DividerFactory.ts": {"lines":{"total":4,"covered":3,"skipped":0,"pct":75},"functions":{"total":1,"covered":0,"skipped":0,"pct":0},"statements":{"total":4,"covered":3,"skipped":0,"pct":75},"branches":{"total":0,"covered":0,"skipped":0,"pct":100}}
,"/Users/hetunandu/code/appsmith/app/client/test/factories/Widgets/DropdownFactory.ts": {"lines":{"total":4,"covered":3,"skipped":0,"pct":75},"functions":{"total":1,"covered":0,"skipped":0,"pct":0},"statements":{"total":4,"covered":3,"skipped":0,"pct":75},"branches":{"total":0,"covered":0,"skipped":0,"pct":100}}
,"/Users/hetunandu/code/appsmith/app/client/test/factories/Widgets/FilepickerFactory.ts": {"lines":{"total":4,"covered":3,"skipped":0,"pct":75},"functions":{"total":1,"covered":0,"skipped":0,"pct":0},"statements":{"total":4,"covered":3,"skipped":0,"pct":75},"branches":{"total":0,"covered":0,"skipped":0,"pct":100}}
,"/Users/hetunandu/code/appsmith/app/client/test/factories/Widgets/FormButtonFactory.ts": {"lines":{"total":4,"covered":3,"skipped":0,"pct":75},"functions":{"total":1,"covered":0,"skipped":0,"pct":0},"statements":{"total":4,"covered":3,"skipped":0,"pct":75},"branches":{"total":0,"covered":0,"skipped":0,"pct":100}}
,"/Users/hetunandu/code/appsmith/app/client/test/factories/Widgets/FormFactory.ts": {"lines":{"total":4,"covered":4,"skipped":0,"pct":100},"functions":{"total":1,"covered":1,"skipped":0,"pct":100},"statements":{"total":4,"covered":4,"skipped":0,"pct":100},"branches":{"total":0,"covered":0,"skipped":0,"pct":100}}
,"/Users/hetunandu/code/appsmith/app/client/test/factories/Widgets/IconFactory.ts": {"lines":{"total":4,"covered":3,"skipped":0,"pct":75},"functions":{"total":1,"covered":0,"skipped":0,"pct":0},"statements":{"total":4,"covered":3,"skipped":0,"pct":75},"branches":{"total":0,"covered":0,"skipped":0,"pct":100}}
,"/Users/hetunandu/code/appsmith/app/client/test/factories/Widgets/ImageFactory.ts": {"lines":{"total":4,"covered":3,"skipped":0,"pct":75},"functions":{"total":1,"covered":0,"skipped":0,"pct":0},"statements":{"total":4,"covered":3,"skipped":0,"pct":75},"branches":{"total":0,"covered":0,"skipped":0,"pct":100}}
,"/Users/hetunandu/code/appsmith/app/client/test/factories/Widgets/InputFactory.ts": {"lines":{"total":4,"covered":3,"skipped":0,"pct":75},"functions":{"total":1,"covered":0,"skipped":0,"pct":0},"statements":{"total":4,"covered":3,"skipped":0,"pct":75},"branches":{"total":0,"covered":0,"skipped":0,"pct":100}}
,"/Users/hetunandu/code/appsmith/app/client/test/factories/Widgets/ListFactory.ts": {"lines":{"total":4,"covered":3,"skipped":0,"pct":75},"functions":{"total":1,"covered":0,"skipped":0,"pct":0},"statements":{"total":4,"covered":3,"skipped":0,"pct":75},"branches":{"total":0,"covered":0,"skipped":0,"pct":100}}
,"/Users/hetunandu/code/appsmith/app/client/test/factories/Widgets/MapFactory.ts": {"lines":{"total":4,"covered":3,"skipped":0,"pct":75},"functions":{"total":1,"covered":0,"skipped":0,"pct":0},"statements":{"total":4,"covered":3,"skipped":0,"pct":75},"branches":{"total":0,"covered":0,"skipped":0,"pct":100}}
,"/Users/hetunandu/code/appsmith/app/client/test/factories/Widgets/ModalFactory.ts": {"lines":{"total":4,"covered":3,"skipped":0,"pct":75},"functions":{"total":1,"covered":0,"skipped":0,"pct":0},"statements":{"total":4,"covered":3,"skipped":0,"pct":75},"branches":{"total":0,"covered":0,"skipped":0,"pct":100}}
,"/Users/hetunandu/code/appsmith/app/client/test/factories/Widgets/RadiogroupFactory.ts": {"lines":{"total":4,"covered":3,"skipped":0,"pct":75},"functions":{"total":1,"covered":0,"skipped":0,"pct":0},"statements":{"total":4,"covered":3,"skipped":0,"pct":75},"branches":{"total":0,"covered":0,"skipped":0,"pct":100}}
,"/Users/hetunandu/code/appsmith/app/client/test/factories/Widgets/RichTextFactory.ts": {"lines":{"total":4,"covered":3,"skipped":0,"pct":75},"functions":{"total":1,"covered":0,"skipped":0,"pct":0},"statements":{"total":4,"covered":3,"skipped":0,"pct":75},"branches":{"total":0,"covered":0,"skipped":0,"pct":100}}
,"/Users/hetunandu/code/appsmith/app/client/test/factories/Widgets/SkeletonFactory.ts": {"lines":{"total":4,"covered":3,"skipped":0,"pct":75},"functions":{"total":1,"covered":0,"skipped":0,"pct":0},"statements":{"total":4,"covered":3,"skipped":0,"pct":75},"branches":{"total":0,"covered":0,"skipped":0,"pct":100}}
,"/Users/hetunandu/code/appsmith/app/client/test/factories/Widgets/SwitchFactory.ts": {"lines":{"total":4,"covered":4,"skipped":0,"pct":100},"functions":{"total":1,"covered":1,"skipped":0,"pct":100},"statements":{"total":4,"covered":4,"skipped":0,"pct":100},"branches":{"total":0,"covered":0,"skipped":0,"pct":100}}
,"/Users/hetunandu/code/appsmith/app/client/test/factories/Widgets/TableFactory.ts": {"lines":{"total":4,"covered":3,"skipped":0,"pct":75},"functions":{"total":1,"covered":0,"skipped":0,"pct":0},"statements":{"total":4,"covered":3,"skipped":0,"pct":75},"branches":{"total":0,"covered":0,"skipped":0,"pct":100}}
,"/Users/hetunandu/code/appsmith/app/client/test/factories/Widgets/TabsFactory.ts": {"lines":{"total":6,"covered":5,"skipped":0,"pct":83.33},"functions":{"total":2,"covered":1,"skipped":0,"pct":50},"statements":{"total":6,"covered":5,"skipped":0,"pct":83.33},"branches":{"total":0,"covered":0,"skipped":0,"pct":100}}
,"/Users/hetunandu/code/appsmith/app/client/test/factories/Widgets/TextFactory.ts": {"lines":{"total":4,"covered":3,"skipped":0,"pct":75},"functions":{"total":1,"covered":0,"skipped":0,"pct":0},"statements":{"total":4,"covered":3,"skipped":0,"pct":75},"branches":{"total":0,"covered":0,"skipped":0,"pct":100}}
,"/Users/hetunandu/code/appsmith/app/client/test/factories/Widgets/VideoFactory.ts": {"lines":{"total":4,"covered":3,"skipped":0,"pct":75},"functions":{"total":1,"covered":0,"skipped":0,"pct":0},"statements":{"total":4,"covered":3,"skipped":0,"pct":75},"branches":{"total":0,"covered":0,"skipped":0,"pct":100}}
,"/Users/hetunandu/code/appsmith/app/client/test/factories/Widgets/WidgetTypeFactories.ts": {"lines":{"total":26,"covered":26,"skipped":0,"pct":100},"functions":{"total":0,"covered":0,"skipped":0,"pct":100},"statements":{"total":26,"covered":26,"skipped":0,"pct":100},"branches":{"total":0,"covered":0,"skipped":0,"pct":100}}
}
