{"total": {"lines":{"total":195,"covered":137,"skipped":0,"pct":70.26},"statements":{"total":203,"covered":143,"skipped":0,"pct":70.44},"functions":{"total":45,"covered":28,"skipped":0,"pct":62.22},"branches":{"total":157,"covered":103,"skipped":0,"pct":65.61}}
,"/Users/balajisoundararajan/projects/appsmith/app/client/src/mockResponses/CommentApiMockResponse.tsx": {"lines":{"total":4,"covered":4,"skipped":0,"pct":100},"functions":{"total":0,"covered":0,"skipped":0,"pct":100},"statements":{"total":4,"covered":4,"skipped":0,"pct":100},"branches":{"total":0,"covered":0,"skipped":0,"pct":100}}
,"/Users/balajisoundararajan/projects/appsmith/app/client/src/widgets/TableWidgetV2/widget/derived.js": {"lines":{"total":191,"covered":133,"skipped":0,"pct":69.63},"functions":{"total":45,"covered":28,"skipped":0,"pct":62.22},"statements":{"total":199,"covered":139,"skipped":0,"pct":69.85},"branches":{"total":157,"covered":103,"skipped":0,"pct":65.61}}
}
