# JRE version: OpenJDK Runtime Environment AdoptOpenJDK-11.0.11+9 (11.0.11+9) (build 11.0.11+9)
# Java VM: OpenJDK 64-Bit Server VM AdoptOpenJDK-11.0.11+9 (11.0.11+9, mixed mode, tiered, compressed oops, g1 gc, bsd-amd64)
Heap:
 garbage-first heap   total 157696K, used 48128K [0x0000000780000000, 0x0000000800000000)
  region size 1024K, 20 young (20480K), 10 survivors (10240K)
 Metaspace       used 54431K, capacity 56337K, committed 56400K, reserved 1097728K
  class space    used 7120K, capacity 7880K, committed 7936K, reserved 1048576K
GC Heap History (20 events):
Event: 6.761 GC heap before
{Heap before GC invocations=1 (full 0):
 garbage-first heap   total 131072K, used 20722K [0x0000000780000000, 0x0000000800000000)
  region size 1024K, 14 young (14336K), 3 survivors (3072K)
 Metaspace       used 16729K, capacity 17245K, committed 17408K, reserved 1064960K
  class space    used 1841K, capacity 2039K, committed 2048K, reserved 1048576K
}
Event: 6.786 GC heap after
{Heap after GC invocations=2 (full 0):
 garbage-first heap   total 131072K, used 10792K [0x0000000780000000, 0x0000000800000000)
  region size 1024K, 1 young (1024K), 1 survivors (1024K)
 Metaspace       used 16729K, capacity 17245K, committed 17408K, reserved 1064960K
  class space    used 1841K, capacity 2039K, committed 2048K, reserved 1048576K
}
Event: 7.482 GC heap before
{Heap before GC invocations=2 (full 0):
 garbage-first heap   total 131072K, used 31272K [0x0000000780000000, 0x0000000800000000)
  region size 1024K, 22 young (22528K), 1 survivors (1024K)
 Metaspace       used 20576K, capacity 21162K, committed 21296K, reserved 1069056K
  class space    used 2407K, capacity 2653K, committed 2688K, reserved 1048576K
}
Event: 7.489 GC heap after
{Heap after GC invocations=3 (full 0):
 garbage-first heap   total 131072K, used 11953K [0x0000000780000000, 0x0000000800000000)
  region size 1024K, 3 young (3072K), 3 survivors (3072K)
 Metaspace       used 20576K, capacity 21162K, committed 21296K, reserved 1069056K
  class space    used 2407K, capacity 2653K, committed 2688K, reserved 1048576K
}
Event: 8.110 GC heap before
{Heap before GC invocations=4 (full 0):
 garbage-first heap   total 131072K, used 57009K [0x0000000780000000, 0x0000000800000000)
  region size 1024K, 47 young (48128K), 3 survivors (3072K)
 Metaspace       used 25107K, capacity 25827K, committed 26160K, reserved 1073152K
  class space    used 3075K, capacity 3378K, committed 3456K, reserved 1048576K
}
Event: 8.120 GC heap after
{Heap after GC invocations=5 (full 0):
 garbage-first heap   total 131072K, used 13494K [0x0000000780000000, 0x0000000800000000)
  region size 1024K, 4 young (4096K), 4 survivors (4096K)
 Metaspace       used 25107K, capacity 25827K, committed 26160K, reserved 1073152K
  class space    used 3075K, capacity 3378K, committed 3456K, reserved 1048576K
}
Event: 8.955 GC heap before
{Heap before GC invocations=5 (full 0):
 garbage-first heap   total 131072K, used 86198K [0x0000000780000000, 0x0000000800000000)
  region size 1024K, 76 young (77824K), 4 survivors (4096K)
 Metaspace       used 28172K, capacity 29058K, committed 29360K, reserved 1075200K
  class space    used 3425K, capacity 3754K, committed 3840K, reserved 1048576K
}
Event: 8.975 GC heap after
{Heap after GC invocations=6 (full 0):
 garbage-first heap   total 131072K, used 16413K [0x0000000780000000, 0x0000000800000000)
  region size 1024K, 7 young (7168K), 7 survivors (7168K)
 Metaspace       used 28172K, capacity 29058K, committed 29360K, reserved 1075200K
  class space    used 3425K, capacity 3754K, committed 3840K, reserved 1048576K
}
Event: 9.933 GC heap before
{Heap before GC invocations=6 (full 0):
 garbage-first heap   total 131072K, used 87069K [0x0000000780000000, 0x0000000800000000)
  region size 1024K, 76 young (77824K), 7 survivors (7168K)
 Metaspace       used 31072K, capacity 32152K, committed 32432K, reserved 1077248K
  class space    used 3872K, capacity 4269K, committed 4352K, reserved 1048576K
}
Event: 9.969 GC heap after
{Heap after GC invocations=7 (full 0):
 garbage-first heap   total 131072K, used 19207K [0x0000000780000000, 0x0000000800000000)
  region size 1024K, 8 young (8192K), 8 survivors (8192K)
 Metaspace       used 31072K, capacity 32152K, committed 32432K, reserved 1077248K
  class space    used 3872K, capacity 4269K, committed 4352K, reserved 1048576K
}
Event: 10.392 GC heap before
{Heap before GC invocations=7 (full 0):
 garbage-first heap   total 131072K, used 49927K [0x0000000780000000, 0x0000000800000000)
  region size 1024K, 39 young (39936K), 8 survivors (8192K)
 Metaspace       used 34667K, capacity 35727K, committed 35920K, reserved 1081344K
  class space    used 4346K, capacity 4754K, committed 4864K, reserved 1048576K
}
Event: 10.410 GC heap after
{Heap after GC invocations=8 (full 0):
 garbage-first heap   total 131072K, used 20062K [0x0000000780000000, 0x0000000800000000)
  region size 1024K, 5 young (5120K), 5 survivors (5120K)
 Metaspace       used 34667K, capacity 35727K, committed 35920K, reserved 1081344K
  class space    used 4346K, capacity 4754K, committed 4864K, reserved 1048576K
}
Event: 11.469 GC heap before
{Heap before GC invocations=9 (full 0):
 garbage-first heap   total 131072K, used 92766K [0x0000000780000000, 0x0000000800000000)
  region size 1024K, 76 young (77824K), 5 survivors (5120K)
 Metaspace       used 37811K, capacity 39030K, committed 39248K, reserved 1083392K
  class space    used 4833K, capacity 5283K, committed 5376K, reserved 1048576K
}
Event: 11.491 GC heap after
{Heap after GC invocations=10 (full 0):
 garbage-first heap   total 157696K, used 22707K [0x0000000780000000, 0x0000000800000000)
  region size 1024K, 7 young (7168K), 7 survivors (7168K)
 Metaspace       used 37811K, capacity 39030K, committed 39248K, reserved 1083392K
  class space    used 4833K, capacity 5283K, committed 5376K, reserved 1048576K
}
Event: 12.912 GC heap before
{Heap before GC invocations=10 (full 0):
 garbage-first heap   total 157696K, used 109747K [0x0000000780000000, 0x0000000800000000)
  region size 1024K, 92 young (94208K), 7 survivors (7168K)
 Metaspace       used 43077K, capacity 44491K, committed 44752K, reserved 1087488K
  class space    used 5636K, capacity 6188K, committed 6272K, reserved 1048576K
}
Event: 12.935 GC heap after
{Heap after GC invocations=11 (full 0):
 garbage-first heap   total 157696K, used 29426K [0x0000000780000000, 0x0000000800000000)
  region size 1024K, 11 young (11264K), 11 survivors (11264K)
 Metaspace       used 43077K, capacity 44491K, committed 44752K, reserved 1087488K
  class space    used 5636K, capacity 6188K, committed 6272K, reserved 1048576K
}
Event: 13.811 GC heap before
{Heap before GC invocations=11 (full 0):
 garbage-first heap   total 157696K, used 112370K [0x0000000780000000, 0x0000000800000000)
  region size 1024K, 92 young (94208K), 11 survivors (11264K)
 Metaspace       used 48802K, capacity 50480K, committed 50768K, reserved 1093632K
  class space    used 6422K, capacity 7087K, committed 7168K, reserved 1048576K
}
Event: 13.834 GC heap after
{Heap after GC invocations=12 (full 0):
 garbage-first heap   total 157696K, used 35432K [0x0000000780000000, 0x0000000800000000)
  region size 1024K, 7 young (7168K), 7 survivors (7168K)
 Metaspace       used 48802K, capacity 50480K, committed 50768K, reserved 1093632K
  class space    used 6422K, capacity 7087K, committed 7168K, reserved 1048576K
}
Event: 15.205 GC heap before
{Heap before GC invocations=12 (full 0):
 garbage-first heap   total 157696K, used 120424K [0x0000000780000000, 0x0000000800000000)
  region size 1024K, 90 young (92160K), 7 survivors (7168K)
 Metaspace       used 53706K, capacity 55497K, committed 55760K, reserved 1097728K
  class space    used 7029K, capacity 7740K, committed 7808K, reserved 1048576K
}
Event: 15.226 GC heap after
{Heap after GC invocations=13 (full 0):
 garbage-first heap   total 157696K, used 38912K [0x0000000780000000, 0x0000000800000000)
  region size 1024K, 10 young (10240K), 10 survivors (10240K)
 Metaspace       used 53706K, capacity 55497K, committed 55760K, reserved 1097728K
  class space    used 7029K, capacity 7740K, committed 7808K, reserved 1048576K
}

